#
# There is insufficient memory for the Java Runtime Environment to continue.
# Native memory allocation (mmap) failed to map 100663296 bytes for G1 virtual space
# Possible reasons:
#   The system is out of physical RAM or swap space
#   The process is running with CompressedOops enabled, and the Java Heap may be blocking the growth of the native heap
# Possible solutions:
#   Reduce memory load on the system
#   Increase physical memory or swap space
#   Check if swap backing store is full
#   Decrease Java heap size (-Xmx/-Xms)
#   Decrease number of Java threads
#   Decrease Java thread stack sizes (-Xss)
#   Set larger code cache with -XX:ReservedCodeCacheSize=
#   JVM is running with Unscaled Compressed Oops mode in which the Java heap is
#     placed in the first 4GB address space. The Java Heap base address is the
#     maximum limit for the native heap growth. Please use -XX:HeapBaseMinAddress
#     to set the Java Heap base and to place the Java Heap above 4GB virtual address.
# This output file may be truncated or incomplete.
#
#  Out of Memory Error (os_windows.cpp:3600), pid=24652, tid=25772
#
# JRE version:  (21.0.1+12) (build )
# Java VM: Java HotSpot(TM) 64-Bit Server VM (21.0.1+12-LTS-29, mixed mode, sharing, tiered, compressed oops, compressed class ptrs, g1 gc, windows-amd64)
# No core dump will be written. Minidumps are not enabled by default on client versions of Windows
#

---------------  S U M M A R Y ------------

Command Line: -Dfile.encoding=UTF-8 --module-path=C:\Users\Mayur chavan\Downloads\AirlineManagementSystem\AirlineManagementSystem-master\Airwings\build\classes Airwings.AddCustomer

Host: AMD Ryzen 5 3550H with Radeon Vega Mobile Gfx  , 8 cores, 5G,  Windows 11 , 64 bit Build 22621 (10.0.22621.3958)
Time: Wed Oct  2 18:09:09 2024 India Standard Time elapsed time: 0.041776 seconds (0d 0h 0m 0s)

---------------  T H R E A D  ---------------

Current thread (0x000001a773b589c0):  JavaThread "Unknown thread" [_thread_in_vm, id=25772, stack(0x0000003a6bd00000,0x0000003a6be00000) (1024K)]

Stack: [0x0000003a6bd00000,0x0000003a6be00000]
Native frames: (J=compiled Java code, j=interpreted, Vv=VM code, C=native code)
V  [jvm.dll+0x6c9029]
V  [jvm.dll+0x854b81]
V  [jvm.dll+0x856e5e]
V  [jvm.dll+0x857543]
V  [jvm.dll+0x280c06]
V  [jvm.dll+0x6c5715]
V  [jvm.dll+0x6ba10a]
V  [jvm.dll+0x3557ea]
V  [jvm.dll+0x35d436]
V  [jvm.dll+0x3ae1be]
V  [jvm.dll+0x3ae468]
V  [jvm.dll+0x3291fc]
V  [jvm.dll+0x329d8b]
V  [jvm.dll+0x81d179]
V  [jvm.dll+0x3bb4f1]
V  [jvm.dll+0x805ae8]
V  [jvm.dll+0x44effe]
V  [jvm.dll+0x450901]
C  [jli.dll+0x52a3]
C  [ucrtbase.dll+0x29333]
C  [KERNEL32.DLL+0x1257d]
C  [ntdll.dll+0x5af08]


---------------  P R O C E S S  ---------------

Threads class SMR info:
_java_thread_list=0x00007ff8e3759b88, length=0, elements={
}

Java Threads: ( => current thread )
Total: 0

Other Threads:
  0x000001a773b3e510 WorkerThread "GC Thread#0"                     [id=9536, stack(0x0000003a6be00000,0x0000003a6bf00000) (1024K)]
  0x000001a775d9e1d0 ConcurrentGCThread "G1 Main Marker"            [id=19720, stack(0x0000003a6bf00000,0x0000003a6c000000) (1024K)]
  0x000001a773b3f730 WorkerThread "G1 Conc#0"                       [id=18796, stack(0x0000003a6c000000,0x0000003a6c100000) (1024K)]

[error occurred during error reporting (printing all threads), id 0xc0000005, EXCEPTION_ACCESS_VIOLATION (0xc0000005) at pc=0x00007ff8e2ecc2c7]
VM state: not at safepoint (not fully initialized)

VM Mutex/Monitor currently owned by a thread:  ([mutex/lock_event])
[0x00007ff8e37ca6f8] Heap_lock - owner thread: 0x000001a773b589c0

Heap address: 0x00000000a1e00000, size: 1506 MB, Compressed Oops mode: 32-bit

CDS archive(s) mapped at: [0x0000000000000000-0x0000000000000000-0x0000000000000000), size 0, SharedBaseAddress: 0x0000000800000000, ArchiveRelocationMode: 1.
Narrow klass base: 0x0000000000000000, Narrow klass shift: 0, Narrow klass range: 0x0

GC Precious Log:
 CardTable entry size: 512
 Card Set container configuration: InlinePtr #cards 5 size 8 Array Of Cards #cards 12 size 40 Howl #buckets 4 coarsen threshold 1843 Howl Bitmap #cards 512 size 80 coarsen threshold 460 Card regions per heap region 1 cards per card region 2048

Heap:
 garbage-first heap   total 0K, used 0K [0x00000000a1e00000, 0x0000000100000000)
  region size 1024K, 0 young (0K), 0 survivors (0K)

[error occurred during error reporting (printing heap information), id 0xc0000005, EXCEPTION_ACCESS_VIOLATION (0xc0000005) at pc=0x00007ff8e32b1be9]
GC Heap History (0 events):
No events

Dll operation events (1 events):
Event: 0.024 Loaded shared library C:\Program Files\Java\jdk-21\bin\java.dll

Deoptimization events (0 events):
No events

Classes loaded (0 events):
No events

Classes unloaded (0 events):
No events

Classes redefined (0 events):
No events

Internal exceptions (0 events):
No events

ZGC Phase Switch (0 events):
No events

VM Operations (0 events):
No events

Events (0 events):
No events


Dynamic libraries:
0x00007ff6fbe90000 - 0x00007ff6fbea0000 	C:\Program Files\Java\jdk-21\bin\java.exe
0x00007ff97c5b0000 - 0x00007ff97c7c7000 	C:\WINDOWS\SYSTEM32\ntdll.dll
0x00007ff97a470000 - 0x00007ff97a534000 	C:\WINDOWS\System32\KERNEL32.DLL
0x00007ff979de0000 - 0x00007ff97a197000 	C:\WINDOWS\System32\KERNELBASE.dll
0x00007ff979bf0000 - 0x00007ff979d01000 	C:\WINDOWS\System32\ucrtbase.dll
0x00007ff9308c0000 - 0x00007ff9308d9000 	C:\Program Files\Java\jdk-21\bin\jli.dll
0x00007ff945540000 - 0x00007ff94555b000 	C:\Program Files\Java\jdk-21\bin\VCRUNTIME140.dll
0x00007ff97af30000 - 0x00007ff97afe2000 	C:\WINDOWS\System32\ADVAPI32.dll
0x00007ff97b100000 - 0x00007ff97b1a7000 	C:\WINDOWS\System32\msvcrt.dll
0x00007ff97aff0000 - 0x00007ff97b098000 	C:\WINDOWS\System32\sechost.dll
0x00007ff979d80000 - 0x00007ff979da8000 	C:\WINDOWS\System32\bcrypt.dll
0x00007ff97a5a0000 - 0x00007ff97a6b4000 	C:\WINDOWS\System32\RPCRT4.dll
0x00007ff97ab40000 - 0x00007ff97acef000 	C:\WINDOWS\System32\USER32.dll
0x00007ff979db0000 - 0x00007ff979dd6000 	C:\WINDOWS\System32\win32u.dll
0x00007ff97c300000 - 0x00007ff97c329000 	C:\WINDOWS\System32\GDI32.dll
0x00007ff95aa90000 - 0x00007ff95ad23000 	C:\WINDOWS\WinSxS\amd64_microsoft.windows.common-controls_6595b64144ccf1df_6.0.22621.3672_none_2713b9d173822955\COMCTL32.dll
0x00007ff9798c0000 - 0x00007ff9799d8000 	C:\WINDOWS\System32\gdi32full.dll
0x00007ff9799e0000 - 0x00007ff979a7a000 	C:\WINDOWS\System32\msvcp_win.dll
0x00007ff974040000 - 0x00007ff97404a000 	C:\WINDOWS\SYSTEM32\VERSION.dll
0x00007ff97b710000 - 0x00007ff97b741000 	C:\WINDOWS\System32\IMM32.DLL
0x00007ff9466d0000 - 0x00007ff9466dc000 	C:\Program Files\Java\jdk-21\bin\vcruntime140_1.dll
0x00007ff91d960000 - 0x00007ff91d9ee000 	C:\Program Files\Java\jdk-21\bin\msvcp140.dll
0x00007ff8e2b90000 - 0x00007ff8e38a5000 	C:\Program Files\Java\jdk-21\bin\server\jvm.dll
0x00007ff97ad00000 - 0x00007ff97ad71000 	C:\WINDOWS\System32\WS2_32.dll
0x00007ff979790000 - 0x00007ff9797dd000 	C:\WINDOWS\SYSTEM32\POWRPROF.dll
0x00007ff975420000 - 0x00007ff975454000 	C:\WINDOWS\SYSTEM32\WINMM.dll
0x00007ff979770000 - 0x00007ff979783000 	C:\WINDOWS\SYSTEM32\UMPDC.dll
0x00007ff978910000 - 0x00007ff978928000 	C:\WINDOWS\SYSTEM32\kernel.appcore.dll
0x00007ff9431f0000 - 0x00007ff9431fa000 	C:\Program Files\Java\jdk-21\bin\jimage.dll
0x00007ff977320000 - 0x00007ff977552000 	C:\WINDOWS\SYSTEM32\DBGHELP.DLL
0x00007ff97b280000 - 0x00007ff97b60e000 	C:\WINDOWS\System32\combase.dll
0x00007ff97c210000 - 0x00007ff97c2e7000 	C:\WINDOWS\System32\OLEAUT32.dll
0x00007ff9720c0000 - 0x00007ff9720f2000 	C:\WINDOWS\SYSTEM32\dbgcore.DLL
0x00007ff97a1a0000 - 0x00007ff97a21b000 	C:\WINDOWS\System32\bcryptPrimitives.dll
0x00007ff91d3b0000 - 0x00007ff91d3cf000 	C:\Program Files\Java\jdk-21\bin\java.dll

dbghelp: loaded successfully - version: 4.0.5 - missing functions: none
symbol engine: initialized successfully - sym options: 0x614 - pdb path: .;C:\Program Files\Java\jdk-21\bin;C:\WINDOWS\SYSTEM32;C:\WINDOWS\WinSxS\amd64_microsoft.windows.common-controls_6595b64144ccf1df_6.0.22621.3672_none_2713b9d173822955;C:\Program Files\Java\jdk-21\bin\server

VM Arguments:
jvm_args: -Dfile.encoding=UTF-8 --module-path=C:\Users\Mayur chavan\Downloads\AirlineManagementSystem\AirlineManagementSystem-master\Airwings\build\classes 
java_command: Airwings.AddCustomer
java_class_path (initial): C:\Users\Mayur chavan\Downloads\jcalendar-tz-1.3.3-4-1.jar;C:\Users\Mayur chavan\Downloads\rs2xml (1).jar;C:\Users\Mayur chavan\Downloads\mysql-connector-j-8.0.33;C:\Users\Mayur chavan\Downloads\AirlineManagementSystem\AirlineManagementSystem-master\Airwings\build\classes
Launcher Type: SUN_STANDARD

[Global flags]
     intx CICompilerCount                          = 4                                         {product} {ergonomic}
     uint ConcGCThreads                            = 2                                         {product} {ergonomic}
     uint G1ConcRefinementThreads                  = 8                                         {product} {ergonomic}
   size_t G1HeapRegionSize                         = 1048576                                   {product} {ergonomic}
    uintx GCDrainStackTargetSize                   = 64                                        {product} {ergonomic}
   size_t InitialHeapSize                          = 100663296                                 {product} {ergonomic}
   size_t MarkStackSize                            = 4194304                                   {product} {ergonomic}
   size_t MaxHeapSize                              = 1579155456                                {product} {ergonomic}
   size_t MinHeapDeltaBytes                        = 1048576                                   {product} {ergonomic}
   size_t MinHeapSize                              = 8388608                                   {product} {ergonomic}
    uintx NonNMethodCodeHeapSize                   = 5839372                                {pd product} {ergonomic}
    uintx NonProfiledCodeHeapSize                  = 122909434                              {pd product} {ergonomic}
    uintx ProfiledCodeHeapSize                     = 122909434                              {pd product} {ergonomic}
    uintx ReservedCodeCacheSize                    = 251658240                              {pd product} {ergonomic}
     bool SegmentedCodeCache                       = true                                      {product} {ergonomic}
   size_t SoftMaxHeapSize                          = 1579155456                             {manageable} {ergonomic}
     bool UseCompressedOops                        = true                           {product lp64_product} {ergonomic}
     bool UseG1GC                                  = true                                      {product} {ergonomic}
     bool UseLargePagesIndividualAllocation        = false                                  {pd product} {ergonomic}

Logging:
Log output configuration:
 #0: stdout all=warning uptime,level,tags foldmultilines=false
 #1: stderr all=off uptime,level,tags foldmultilines=false

Environment Variables:
CLASSPATH=C:\Users\Mayur chavan\Downloads\mysql-connector-j-8.0.33\mysql-connector-j-8.0.33;.;
PATH=C:\Program Files\Common Files\Oracle\Java\javapath;C:\Program Files\Python311\Scripts\;C:\Program Files\Python311\;C:\windows\system32;C:\windows;C:\windows\System32\Wbem;C:\windows\System32\WindowsPowerShell\v1.0\;C:\windows\System32\OpenSSH\;C:\Program Files (x86)\NVIDIA Corporation\PhysX\Common;C:\Program Files\NVIDIA Corporation\NVIDIA NvDLISR;C:\WINDOWS\system32;C:\WINDOWS;C:\WINDOWS\System32\Wbem;C:\WINDOWS\System32\WindowsPowerShell\v1.0\;C:\WINDOWS\System32\OpenSSH\;C:\Program Files\dotnet\;C:\Program Files\Java\jdk-21\bin;C:\Program Files\Git\cmd;C:\Program Files\MySQL\MySQL Server 8.0\bin;C:\Program Files (x86)\Microsoft SQL Server\160\Tools\Binn\;C:\Program Files\Microsoft SQL Server\160\Tools\Binn\;C:\Program Files\Microsoft SQL Server\Client SDK\ODBC\170\Tools\Binn\;C:\Program Files\Microsoft SQL Server\160\DTS\Binn\;C:\Program Files (x86)\Microsoft SQL Server\160\DTS\Binn\;C:\Program Files\nodejs\;C:\Program Files\MySQL\MySQL Server 8.0\bin;C:\Program Files\php-8.3.9;C:\Program Files\MySQL\MySQL Shell 8.0\bin\;C:\Users\Mayur chavan\AppData\Local\Microsoft\WindowsApps;C:\Users\Mayur chavan\AppData\Local\Programs\Microsoft VS Code\bin;C:\Program Files\JetBrains\IntelliJ IDEA Community Edition 2023.2.4\bin;;C:\Users\Mayur chavan\AppData\Roaming\npm;C:\Program Files\Java\jdk-21\bin;
USERNAME=Mayur chavan
OS=Windows_NT
PROCESSOR_IDENTIFIER=AMD64 Family 23 Model 24 Stepping 1, AuthenticAMD
TMP=C:\Users\MAYURC~1\AppData\Local\Temp
TEMP=C:\Users\MAYURC~1\AppData\Local\Temp




Periodic native trim disabled

---------------  S Y S T E M  ---------------

OS:
 Windows 11 , 64 bit Build 22621 (10.0.22621.3958)
OS uptime: 0 days 0:30 hours

CPU: total 8 (initial active 8) (8 cores per cpu, 2 threads per core) family 23 model 24 stepping 1 microcode 0x0, cx8, cmov, fxsr, ht, mmx, 3dnowpref, sse, sse2, sse3, ssse3, sse4a, sse4.1, sse4.2, popcnt, lzcnt, tsc, tscinvbit, avx, avx2, aes, clmul, bmi1, bmi2, adx, sha, fma, vzeroupper, clflush, clflushopt, rdtscp, f16c
Processor Information for all 8 processors :
  Max Mhz: 2100, Current Mhz: 2100, Mhz Limit: 2100

Memory: 4k page, system-wide physical 6021M (292M free)
TotalPageFile size 24453M (AvailPageFile size 12M)
current process WorkingSet (physical memory assigned to process): 11M, peak: 11M
current process commit charge ("private bytes"): 60M, peak: 156M

vm_info: Java HotSpot(TM) 64-Bit Server VM (21.0.1+12-LTS-29) for windows-amd64 JRE (21.0.1+12-LTS-29), built on 2023-10-05T13:27:09Z by "mach5one" with MS VC++ 17.1 (VS2022)

END.
