#
# There is insufficient memory for the Java Runtime Environment to continue.
# Native memory allocation (mmap) failed to map 65536 bytes for Failed to commit metaspace.
# Possible reasons:
#   The system is out of physical RAM or swap space
#   The process is running with CompressedOops enabled, and the Java Heap may be blocking the growth of the native heap
# Possible solutions:
#   Reduce memory load on the system
#   Increase physical memory or swap space
#   Check if swap backing store is full
#   Decrease Java heap size (-Xmx/-Xms)
#   Decrease number of Java threads
#   Decrease Java thread stack sizes (-Xss)
#   Set larger code cache with -XX:ReservedCodeCacheSize=
#   JVM is running with Unscaled Compressed Oops mode in which the Java heap is
#     placed in the first 4GB address space. The Java Heap base address is the
#     maximum limit for the native heap growth. Please use -XX:HeapBaseMinAddress
#     to set the Java Heap base and to place the Java Heap above 4GB virtual address.
# This output file may be truncated or incomplete.
#
#  Out of Memory Error (virtualSpaceNode.cpp:112), pid=37032, tid=34128
#
# JRE version: Java(TM) SE Runtime Environment (21.0.1+12) (build 21.0.1+12-LTS-29)
# Java VM: Java HotSpot(TM) 64-Bit Server VM (21.0.1+12-LTS-29, mixed mode, sharing, tiered, compressed oops, compressed class ptrs, g1 gc, windows-amd64)
# No core dump will be written. Minidumps are not enabled by default on client versions of Windows
#

---------------  S U M M A R Y ------------

Command Line: -Dfile.encoding=UTF-8 --module-path=C:\Users\Mayur chavan\Downloads\AirlineManagementSystem\AirlineManagementSystem-master\Airwings\build\classes Airwings.Login

Host: AMD Ryzen 5 3550H with Radeon Vega Mobile Gfx  , 8 cores, 5G,  Windows 11 , 64 bit Build 22621 (10.0.22621.3958)
Time: Wed Oct  2 17:32:25 2024 India Standard Time elapsed time: 0.832536 seconds (0d 0h 0m 0s)

---------------  T H R E A D  ---------------

Current thread (0x000002597d6c33d0):  JavaThread "AWT-Windows" daemon [_thread_in_vm, id=34128, stack(0x000000714f100000,0x000000714f200000) (1024K)]

Stack: [0x000000714f100000,0x000000714f200000]
Native frames: (J=compiled Java code, j=interpreted, Vv=VM code, C=native code)
V  [jvm.dll+0x6c9029]
V  [jvm.dll+0x854b81]
V  [jvm.dll+0x856e5e]
V  [jvm.dll+0x857543]
V  [jvm.dll+0x280c06]
V  [jvm.dll+0x8508ae]
V  [jvm.dll+0x66ca45]
V  [jvm.dll+0x66caaa]
V  [jvm.dll+0x66f2a6]
V  [jvm.dll+0x66f172]
V  [jvm.dll+0x66d41e]
V  [jvm.dll+0x26c581]
V  [jvm.dll+0x2184f7]
V  [jvm.dll+0x20dc4e]
V  [jvm.dll+0x5ac6dc]
V  [jvm.dll+0x21f67a]
V  [jvm.dll+0x7ccde1]
V  [jvm.dll+0x7cde45]
V  [jvm.dll+0x7ce3ef]
V  [jvm.dll+0x7ce098]
V  [jvm.dll+0x476d94]
C  [java.dll+0x13e9]

Java frames: (J=compiled Java code, j=interpreted, Vv=VM code)
j  java.lang.Class.forName0(Ljava/lang/String;ZLjava/lang/ClassLoader;Ljava/lang/Class;)Ljava/lang/Class;+0 java.base@21.0.1
j  java.lang.Class.forName(Ljava/lang/String;Ljava/lang/Class;)Ljava/lang/Class;+19 java.base@21.0.1
j  java.lang.Class.forName(Ljava/lang/String;)Ljava/lang/Class;+6 java.base@21.0.1
j  sun.awt.AWTAccessor.getSequencedEventAccessor()Lsun/awt/AWTAccessor$SequencedEventAccessor;+10 java.desktop@21.0.1
j  sun.awt.SunToolkit.postEvent(Lsun/awt/AppContext;Ljava/awt/AWTEvent;)V+12 java.desktop@21.0.1
j  sun.awt.SunToolkit.executeOnEventHandlerThread(Lsun/awt/PeerEvent;)V+8 java.desktop@21.0.1
j  sun.awt.SunToolkit.executeOnEventHandlerThread(Ljava/lang/Object;Ljava/lang/Runnable;)V+10 java.desktop@21.0.1
j  sun.awt.windows.WWindowPeer.displayChanged()V+10 java.desktop@21.0.1
j  sun.awt.windows.WWindowPeer.draggedToNewScreen()V+1 java.desktop@21.0.1
v  ~StubRoutines::call_stub 0x0000025970ef100d
j  sun.awt.windows.WToolkit.eventLoop()V+0 java.desktop@21.0.1
j  sun.awt.windows.WToolkit.run()V+50 java.desktop@21.0.1
j  java.lang.Thread.runWith(Ljava/lang/Object;Ljava/lang/Runnable;)V+5 java.base@21.0.1
j  java.lang.Thread.run()V+19 java.base@21.0.1
v  ~StubRoutines::call_stub 0x0000025970ef100d

---------------  P R O C E S S  ---------------

Threads class SMR info:
_java_thread_list=0x000002597d8ddbd0, length=14, elements={
0x000002595f25cf50, 0x000002597d470a20, 0x000002597d473b00, 0x000002597d475cb0,
0x000002597d478f10, 0x000002597d479b20, 0x000002597d47d4a0, 0x000002597d47e120,
0x000002597d47eab0, 0x000002597d6c26b0, 0x000002597d6c4e10, 0x000002597d6c2d40,
0x000002597d6c54a0, 0x000002597d6c33d0
}

Java Threads: ( => current thread )
  0x000002595f25cf50 JavaThread "main"                              [_thread_in_native, id=28136, stack(0x000000714dd00000,0x000000714de00000) (1024K)]
  0x000002597d470a20 JavaThread "Reference Handler"          daemon [_thread_blocked, id=37704, stack(0x000000714e500000,0x000000714e600000) (1024K)]
  0x000002597d473b00 JavaThread "Finalizer"                  daemon [_thread_blocked, id=38240, stack(0x000000714e600000,0x000000714e700000) (1024K)]
  0x000002597d475cb0 JavaThread "Signal Dispatcher"          daemon [_thread_blocked, id=30480, stack(0x000000714e700000,0x000000714e800000) (1024K)]
  0x000002597d478f10 JavaThread "Attach Listener"            daemon [_thread_blocked, id=7616, stack(0x000000714e800000,0x000000714e900000) (1024K)]
  0x000002597d479b20 JavaThread "Service Thread"             daemon [_thread_blocked, id=38400, stack(0x000000714e900000,0x000000714ea00000) (1024K)]
  0x000002597d47d4a0 JavaThread "Monitor Deflation Thread"   daemon [_thread_blocked, id=26440, stack(0x000000714ea00000,0x000000714eb00000) (1024K)]
  0x000002597d47e120 JavaThread "C2 CompilerThread0"         daemon [_thread_blocked, id=12964, stack(0x000000714eb00000,0x000000714ec00000) (1024K)]
  0x000002597d47eab0 JavaThread "C1 CompilerThread0"         daemon [_thread_blocked, id=38752, stack(0x000000714ec00000,0x000000714ed00000) (1024K)]
  0x000002597d6c26b0 JavaThread "Common-Cleaner"             daemon [_thread_blocked, id=38056, stack(0x000000714ed00000,0x000000714ee00000) (1024K)]
  0x000002597d6c4e10 JavaThread "Notification Thread"        daemon [_thread_blocked, id=41704, stack(0x000000714ef00000,0x000000714f000000) (1024K)]
  0x000002597d6c2d40 JavaThread "Java2D Disposer"            daemon [_thread_blocked, id=22268, stack(0x000000714ee00000,0x000000714ef00000) (1024K)]
  0x000002597d6c54a0 JavaThread "AWT-Shutdown"                      [_thread_blocked, id=23952, stack(0x000000714f000000,0x000000714f100000) (1024K)]
=>0x000002597d6c33d0 JavaThread "AWT-Windows"                daemon [_thread_in_vm, id=34128, stack(0x000000714f100000,0x000000714f200000) (1024K)]
Total: 14

Other Threads:
  0x000002595f23e710 VMThread "VM Thread"                           [id=25588, stack(0x000000714e400000,0x000000714e500000) (1024K)]
  0x000002597d43da30 WatcherThread "VM Periodic Task Thread"        [id=4880, stack(0x000000714e300000,0x000000714e400000) (1024K)]
  0x000002595f23e370 WorkerThread "GC Thread#0"                     [id=8200, stack(0x000000714de00000,0x000000714df00000) (1024K)]
  0x00000259615bb5a0 ConcurrentGCThread "G1 Main Marker"            [id=29040, stack(0x000000714df00000,0x000000714e000000) (1024K)]
  0x000002595f23d150 WorkerThread "G1 Conc#0"                       [id=37084, stack(0x000000714e000000,0x000000714e100000) (1024K)]
  0x000002597d3110a0 ConcurrentGCThread "G1 Refine#0"               [id=13668, stack(0x000000714e100000,0x000000714e200000) (1024K)]
  0x000002597d311b20 ConcurrentGCThread "G1 Service"                [id=37912, stack(0x000000714e200000,0x000000714e300000) (1024K)]
Total: 7

Threads with active compile tasks:
Total: 0

VM state: not at safepoint (normal execution)

VM Mutex/Monitor currently owned by a thread:  ([mutex/lock_event])
[0x00007ffd9b458578] Metaspace_lock - owner thread: 0x000002597d6c33d0

OutOfMemory and StackOverflow Exception counts:
OutOfMemoryError java_heap_errors=1
LinkageErrors=5

Heap address: 0x00000000a1e00000, size: 1506 MB, Compressed Oops mode: 32-bit

CDS archive(s) mapped at: [0x0000025900000000-0x0000025900c90000-0x0000025900c90000), size 13172736, SharedBaseAddress: 0x0000025900000000, ArchiveRelocationMode: 1.
Compressed class space mapped at: 0x0000025901000000-0x0000025941000000, reserved size: 1073741824
Narrow klass base: 0x0000025900000000, Narrow klass shift: 0, Narrow klass range: 0x100000000

GC Precious Log:
 CardTable entry size: 512
 Card Set container configuration: InlinePtr #cards 5 size 8 Array Of Cards #cards 12 size 40 Howl #buckets 4 coarsen threshold 1843 Howl Bitmap #cards 512 size 80 coarsen threshold 460 Card regions per heap region 1 cards per card region 2048
 CPUs: 8 total, 8 available
 Memory: 6021M
 Large Page Support: Disabled
 NUMA Support: Disabled
 Compressed Oops: Enabled (32-bit)
 Heap Region Size: 1M
 Heap Min Capacity: 8M
 Heap Initial Capacity: 96M
 Heap Max Capacity: 1506M
 Pre-touch: Disabled
 Parallel Workers: 8
 Concurrent Workers: 2
 Concurrent Refinement Workers: 8
 Periodic GC: Disabled

Heap:
 garbage-first heap   total 98304K, used 5120K [0x00000000a1e00000, 0x0000000100000000)
  region size 1024K, 6 young (6144K), 0 survivors (0K)
 Metaspace       used 5655K, committed 5824K, reserved 1114112K
  class space    used 652K, committed 768K, reserved 1048576K

Heap Regions: E=young(eden), S=young(survivor), O=old, HS=humongous(starts), HC=humongous(continues), CS=collection set, F=free, TAMS=top-at-mark-start, PB=parsable bottom
|   0|0x00000000a1e00000, 0x00000000a1e00000, 0x00000000a1f00000|  0%| F|  |TAMS 0x00000000a1e00000| PB 0x00000000a1e00000| Untracked 
|   1|0x00000000a1f00000, 0x00000000a1f00000, 0x00000000a2000000|  0%| F|  |TAMS 0x00000000a1f00000| PB 0x00000000a1f00000| Untracked 
|   2|0x00000000a2000000, 0x00000000a2000000, 0x00000000a2100000|  0%| F|  |TAMS 0x00000000a2000000| PB 0x00000000a2000000| Untracked 
|   3|0x00000000a2100000, 0x00000000a2100000, 0x00000000a2200000|  0%| F|  |TAMS 0x00000000a2100000| PB 0x00000000a2100000| Untracked 
|   4|0x00000000a2200000, 0x00000000a2200000, 0x00000000a2300000|  0%| F|  |TAMS 0x00000000a2200000| PB 0x00000000a2200000| Untracked 
|   5|0x00000000a2300000, 0x00000000a2300000, 0x00000000a2400000|  0%| F|  |TAMS 0x00000000a2300000| PB 0x00000000a2300000| Untracked 
|   6|0x00000000a2400000, 0x00000000a2400000, 0x00000000a2500000|  0%| F|  |TAMS 0x00000000a2400000| PB 0x00000000a2400000| Untracked 
|   7|0x00000000a2500000, 0x00000000a2500000, 0x00000000a2600000|  0%| F|  |TAMS 0x00000000a2500000| PB 0x00000000a2500000| Untracked 
|   8|0x00000000a2600000, 0x00000000a2600000, 0x00000000a2700000|  0%| F|  |TAMS 0x00000000a2600000| PB 0x00000000a2600000| Untracked 
|   9|0x00000000a2700000, 0x00000000a2700000, 0x00000000a2800000|  0%| F|  |TAMS 0x00000000a2700000| PB 0x00000000a2700000| Untracked 
|  10|0x00000000a2800000, 0x00000000a2800000, 0x00000000a2900000|  0%| F|  |TAMS 0x00000000a2800000| PB 0x00000000a2800000| Untracked 
|  11|0x00000000a2900000, 0x00000000a2900000, 0x00000000a2a00000|  0%| F|  |TAMS 0x00000000a2900000| PB 0x00000000a2900000| Untracked 
|  12|0x00000000a2a00000, 0x00000000a2a00000, 0x00000000a2b00000|  0%| F|  |TAMS 0x00000000a2a00000| PB 0x00000000a2a00000| Untracked 
|  13|0x00000000a2b00000, 0x00000000a2b00000, 0x00000000a2c00000|  0%| F|  |TAMS 0x00000000a2b00000| PB 0x00000000a2b00000| Untracked 
|  14|0x00000000a2c00000, 0x00000000a2c00000, 0x00000000a2d00000|  0%| F|  |TAMS 0x00000000a2c00000| PB 0x00000000a2c00000| Untracked 
|  15|0x00000000a2d00000, 0x00000000a2d00000, 0x00000000a2e00000|  0%| F|  |TAMS 0x00000000a2d00000| PB 0x00000000a2d00000| Untracked 
|  16|0x00000000a2e00000, 0x00000000a2e00000, 0x00000000a2f00000|  0%| F|  |TAMS 0x00000000a2e00000| PB 0x00000000a2e00000| Untracked 
|  17|0x00000000a2f00000, 0x00000000a2f00000, 0x00000000a3000000|  0%| F|  |TAMS 0x00000000a2f00000| PB 0x00000000a2f00000| Untracked 
|  18|0x00000000a3000000, 0x00000000a3000000, 0x00000000a3100000|  0%| F|  |TAMS 0x00000000a3000000| PB 0x00000000a3000000| Untracked 
|  19|0x00000000a3100000, 0x00000000a3100000, 0x00000000a3200000|  0%| F|  |TAMS 0x00000000a3100000| PB 0x00000000a3100000| Untracked 
|  20|0x00000000a3200000, 0x00000000a3200000, 0x00000000a3300000|  0%| F|  |TAMS 0x00000000a3200000| PB 0x00000000a3200000| Untracked 
|  21|0x00000000a3300000, 0x00000000a3300000, 0x00000000a3400000|  0%| F|  |TAMS 0x00000000a3300000| PB 0x00000000a3300000| Untracked 
|  22|0x00000000a3400000, 0x00000000a3400000, 0x00000000a3500000|  0%| F|  |TAMS 0x00000000a3400000| PB 0x00000000a3400000| Untracked 
|  23|0x00000000a3500000, 0x00000000a3500000, 0x00000000a3600000|  0%| F|  |TAMS 0x00000000a3500000| PB 0x00000000a3500000| Untracked 
|  24|0x00000000a3600000, 0x00000000a3600000, 0x00000000a3700000|  0%| F|  |TAMS 0x00000000a3600000| PB 0x00000000a3600000| Untracked 
|  25|0x00000000a3700000, 0x00000000a3700000, 0x00000000a3800000|  0%| F|  |TAMS 0x00000000a3700000| PB 0x00000000a3700000| Untracked 
|  26|0x00000000a3800000, 0x00000000a3800000, 0x00000000a3900000|  0%| F|  |TAMS 0x00000000a3800000| PB 0x00000000a3800000| Untracked 
|  27|0x00000000a3900000, 0x00000000a3900000, 0x00000000a3a00000|  0%| F|  |TAMS 0x00000000a3900000| PB 0x00000000a3900000| Untracked 
|  28|0x00000000a3a00000, 0x00000000a3a00000, 0x00000000a3b00000|  0%| F|  |TAMS 0x00000000a3a00000| PB 0x00000000a3a00000| Untracked 
|  29|0x00000000a3b00000, 0x00000000a3b00000, 0x00000000a3c00000|  0%| F|  |TAMS 0x00000000a3b00000| PB 0x00000000a3b00000| Untracked 
|  30|0x00000000a3c00000, 0x00000000a3c00000, 0x00000000a3d00000|  0%| F|  |TAMS 0x00000000a3c00000| PB 0x00000000a3c00000| Untracked 
|  31|0x00000000a3d00000, 0x00000000a3d00000, 0x00000000a3e00000|  0%| F|  |TAMS 0x00000000a3d00000| PB 0x00000000a3d00000| Untracked 
|  32|0x00000000a3e00000, 0x00000000a3e00000, 0x00000000a3f00000|  0%| F|  |TAMS 0x00000000a3e00000| PB 0x00000000a3e00000| Untracked 
|  33|0x00000000a3f00000, 0x00000000a3f00000, 0x00000000a4000000|  0%| F|  |TAMS 0x00000000a3f00000| PB 0x00000000a3f00000| Untracked 
|  34|0x00000000a4000000, 0x00000000a4000000, 0x00000000a4100000|  0%| F|  |TAMS 0x00000000a4000000| PB 0x00000000a4000000| Untracked 
|  35|0x00000000a4100000, 0x00000000a4100000, 0x00000000a4200000|  0%| F|  |TAMS 0x00000000a4100000| PB 0x00000000a4100000| Untracked 
|  36|0x00000000a4200000, 0x00000000a4200000, 0x00000000a4300000|  0%| F|  |TAMS 0x00000000a4200000| PB 0x00000000a4200000| Untracked 
|  37|0x00000000a4300000, 0x00000000a4300000, 0x00000000a4400000|  0%| F|  |TAMS 0x00000000a4300000| PB 0x00000000a4300000| Untracked 
|  38|0x00000000a4400000, 0x00000000a4400000, 0x00000000a4500000|  0%| F|  |TAMS 0x00000000a4400000| PB 0x00000000a4400000| Untracked 
|  39|0x00000000a4500000, 0x00000000a4500000, 0x00000000a4600000|  0%| F|  |TAMS 0x00000000a4500000| PB 0x00000000a4500000| Untracked 
|  40|0x00000000a4600000, 0x00000000a4600000, 0x00000000a4700000|  0%| F|  |TAMS 0x00000000a4600000| PB 0x00000000a4600000| Untracked 
|  41|0x00000000a4700000, 0x00000000a4700000, 0x00000000a4800000|  0%| F|  |TAMS 0x00000000a4700000| PB 0x00000000a4700000| Untracked 
|  42|0x00000000a4800000, 0x00000000a4800000, 0x00000000a4900000|  0%| F|  |TAMS 0x00000000a4800000| PB 0x00000000a4800000| Untracked 
|  43|0x00000000a4900000, 0x00000000a4900000, 0x00000000a4a00000|  0%| F|  |TAMS 0x00000000a4900000| PB 0x00000000a4900000| Untracked 
|  44|0x00000000a4a00000, 0x00000000a4a00000, 0x00000000a4b00000|  0%| F|  |TAMS 0x00000000a4a00000| PB 0x00000000a4a00000| Untracked 
|  45|0x00000000a4b00000, 0x00000000a4b00000, 0x00000000a4c00000|  0%| F|  |TAMS 0x00000000a4b00000| PB 0x00000000a4b00000| Untracked 
|  46|0x00000000a4c00000, 0x00000000a4c00000, 0x00000000a4d00000|  0%| F|  |TAMS 0x00000000a4c00000| PB 0x00000000a4c00000| Untracked 
|  47|0x00000000a4d00000, 0x00000000a4d00000, 0x00000000a4e00000|  0%| F|  |TAMS 0x00000000a4d00000| PB 0x00000000a4d00000| Untracked 
|  48|0x00000000a4e00000, 0x00000000a4e00000, 0x00000000a4f00000|  0%| F|  |TAMS 0x00000000a4e00000| PB 0x00000000a4e00000| Untracked 
|  49|0x00000000a4f00000, 0x00000000a4f00000, 0x00000000a5000000|  0%| F|  |TAMS 0x00000000a4f00000| PB 0x00000000a4f00000| Untracked 
|  50|0x00000000a5000000, 0x00000000a5000000, 0x00000000a5100000|  0%| F|  |TAMS 0x00000000a5000000| PB 0x00000000a5000000| Untracked 
|  51|0x00000000a5100000, 0x00000000a5100000, 0x00000000a5200000|  0%| F|  |TAMS 0x00000000a5100000| PB 0x00000000a5100000| Untracked 
|  52|0x00000000a5200000, 0x00000000a5200000, 0x00000000a5300000|  0%| F|  |TAMS 0x00000000a5200000| PB 0x00000000a5200000| Untracked 
|  53|0x00000000a5300000, 0x00000000a5300000, 0x00000000a5400000|  0%| F|  |TAMS 0x00000000a5300000| PB 0x00000000a5300000| Untracked 
|  54|0x00000000a5400000, 0x00000000a5400000, 0x00000000a5500000|  0%| F|  |TAMS 0x00000000a5400000| PB 0x00000000a5400000| Untracked 
|  55|0x00000000a5500000, 0x00000000a5500000, 0x00000000a5600000|  0%| F|  |TAMS 0x00000000a5500000| PB 0x00000000a5500000| Untracked 
|  56|0x00000000a5600000, 0x00000000a5600000, 0x00000000a5700000|  0%| F|  |TAMS 0x00000000a5600000| PB 0x00000000a5600000| Untracked 
|  57|0x00000000a5700000, 0x00000000a5700000, 0x00000000a5800000|  0%| F|  |TAMS 0x00000000a5700000| PB 0x00000000a5700000| Untracked 
|  58|0x00000000a5800000, 0x00000000a5800000, 0x00000000a5900000|  0%| F|  |TAMS 0x00000000a5800000| PB 0x00000000a5800000| Untracked 
|  59|0x00000000a5900000, 0x00000000a5900000, 0x00000000a5a00000|  0%| F|  |TAMS 0x00000000a5900000| PB 0x00000000a5900000| Untracked 
|  60|0x00000000a5a00000, 0x00000000a5a00000, 0x00000000a5b00000|  0%| F|  |TAMS 0x00000000a5a00000| PB 0x00000000a5a00000| Untracked 
|  61|0x00000000a5b00000, 0x00000000a5b00000, 0x00000000a5c00000|  0%| F|  |TAMS 0x00000000a5b00000| PB 0x00000000a5b00000| Untracked 
|  62|0x00000000a5c00000, 0x00000000a5c00000, 0x00000000a5d00000|  0%| F|  |TAMS 0x00000000a5c00000| PB 0x00000000a5c00000| Untracked 
|  63|0x00000000a5d00000, 0x00000000a5d00000, 0x00000000a5e00000|  0%| F|  |TAMS 0x00000000a5d00000| PB 0x00000000a5d00000| Untracked 
|  64|0x00000000a5e00000, 0x00000000a5e00000, 0x00000000a5f00000|  0%| F|  |TAMS 0x00000000a5e00000| PB 0x00000000a5e00000| Untracked 
|  65|0x00000000a5f00000, 0x00000000a5f00000, 0x00000000a6000000|  0%| F|  |TAMS 0x00000000a5f00000| PB 0x00000000a5f00000| Untracked 
|  66|0x00000000a6000000, 0x00000000a6000000, 0x00000000a6100000|  0%| F|  |TAMS 0x00000000a6000000| PB 0x00000000a6000000| Untracked 
|  67|0x00000000a6100000, 0x00000000a6100000, 0x00000000a6200000|  0%| F|  |TAMS 0x00000000a6100000| PB 0x00000000a6100000| Untracked 
|  68|0x00000000a6200000, 0x00000000a6200000, 0x00000000a6300000|  0%| F|  |TAMS 0x00000000a6200000| PB 0x00000000a6200000| Untracked 
|  69|0x00000000a6300000, 0x00000000a6300000, 0x00000000a6400000|  0%| F|  |TAMS 0x00000000a6300000| PB 0x00000000a6300000| Untracked 
|  70|0x00000000a6400000, 0x00000000a6400000, 0x00000000a6500000|  0%| F|  |TAMS 0x00000000a6400000| PB 0x00000000a6400000| Untracked 
|  71|0x00000000a6500000, 0x00000000a6500000, 0x00000000a6600000|  0%| F|  |TAMS 0x00000000a6500000| PB 0x00000000a6500000| Untracked 
|  72|0x00000000a6600000, 0x00000000a6600000, 0x00000000a6700000|  0%| F|  |TAMS 0x00000000a6600000| PB 0x00000000a6600000| Untracked 
|  73|0x00000000a6700000, 0x00000000a6700000, 0x00000000a6800000|  0%| F|  |TAMS 0x00000000a6700000| PB 0x00000000a6700000| Untracked 
|  74|0x00000000a6800000, 0x00000000a6800000, 0x00000000a6900000|  0%| F|  |TAMS 0x00000000a6800000| PB 0x00000000a6800000| Untracked 
|  75|0x00000000a6900000, 0x00000000a6900000, 0x00000000a6a00000|  0%| F|  |TAMS 0x00000000a6900000| PB 0x00000000a6900000| Untracked 
|  76|0x00000000a6a00000, 0x00000000a6a00000, 0x00000000a6b00000|  0%| F|  |TAMS 0x00000000a6a00000| PB 0x00000000a6a00000| Untracked 
|  77|0x00000000a6b00000, 0x00000000a6b00000, 0x00000000a6c00000|  0%| F|  |TAMS 0x00000000a6b00000| PB 0x00000000a6b00000| Untracked 
|  78|0x00000000a6c00000, 0x00000000a6c00000, 0x00000000a6d00000|  0%| F|  |TAMS 0x00000000a6c00000| PB 0x00000000a6c00000| Untracked 
|  79|0x00000000a6d00000, 0x00000000a6d00000, 0x00000000a6e00000|  0%| F|  |TAMS 0x00000000a6d00000| PB 0x00000000a6d00000| Untracked 
|  80|0x00000000a6e00000, 0x00000000a6e00000, 0x00000000a6f00000|  0%| F|  |TAMS 0x00000000a6e00000| PB 0x00000000a6e00000| Untracked 
|  81|0x00000000a6f00000, 0x00000000a6f00000, 0x00000000a7000000|  0%| F|  |TAMS 0x00000000a6f00000| PB 0x00000000a6f00000| Untracked 
|  82|0x00000000a7000000, 0x00000000a7000000, 0x00000000a7100000|  0%| F|  |TAMS 0x00000000a7000000| PB 0x00000000a7000000| Untracked 
|  83|0x00000000a7100000, 0x00000000a7100000, 0x00000000a7200000|  0%| F|  |TAMS 0x00000000a7100000| PB 0x00000000a7100000| Untracked 
|  84|0x00000000a7200000, 0x00000000a7200000, 0x00000000a7300000|  0%| F|  |TAMS 0x00000000a7200000| PB 0x00000000a7200000| Untracked 
|  85|0x00000000a7300000, 0x00000000a7300000, 0x00000000a7400000|  0%| F|  |TAMS 0x00000000a7300000| PB 0x00000000a7300000| Untracked 
|  86|0x00000000a7400000, 0x00000000a7400000, 0x00000000a7500000|  0%| F|  |TAMS 0x00000000a7400000| PB 0x00000000a7400000| Untracked 
|  87|0x00000000a7500000, 0x00000000a7500000, 0x00000000a7600000|  0%| F|  |TAMS 0x00000000a7500000| PB 0x00000000a7500000| Untracked 
|  88|0x00000000a7600000, 0x00000000a7600000, 0x00000000a7700000|  0%| F|  |TAMS 0x00000000a7600000| PB 0x00000000a7600000| Untracked 
|  89|0x00000000a7700000, 0x00000000a7700000, 0x00000000a7800000|  0%| F|  |TAMS 0x00000000a7700000| PB 0x00000000a7700000| Untracked 
|  90|0x00000000a7800000, 0x00000000a78ec0b0, 0x00000000a7900000| 92%| E|  |TAMS 0x00000000a7800000| PB 0x00000000a7800000| Complete 
|  91|0x00000000a7900000, 0x00000000a7a00000, 0x00000000a7a00000|100%| E|CS|TAMS 0x00000000a7900000| PB 0x00000000a7900000| Complete 
|  92|0x00000000a7a00000, 0x00000000a7b00000, 0x00000000a7b00000|100%| E|CS|TAMS 0x00000000a7a00000| PB 0x00000000a7a00000| Complete 
|  93|0x00000000a7b00000, 0x00000000a7c00000, 0x00000000a7c00000|100%| E|CS|TAMS 0x00000000a7b00000| PB 0x00000000a7b00000| Complete 
|  94|0x00000000a7c00000, 0x00000000a7d00000, 0x00000000a7d00000|100%| E|CS|TAMS 0x00000000a7c00000| PB 0x00000000a7c00000| Complete 
|  95|0x00000000a7d00000, 0x00000000a7e00000, 0x00000000a7e00000|100%| E|CS|TAMS 0x00000000a7d00000| PB 0x00000000a7d00000| Complete 

Card table byte_map: [0x0000025978ff0000,0x00000259792f0000] _byte_map_base: 0x0000025978ae1000

Marking Bits: (CMBitMap*) 0x00000259615af080
 Bits: [0x00000259792f0000, 0x000002597aa78000)

Polling page: 0x000002595f4e0000

Metaspace:

Usage:
  Non-class:      4.89 MB used.
      Class:    652.60 KB used.
       Both:      5.52 MB used.

Virtual space:
  Non-class space:       64.00 MB reserved,       4.94 MB (  8%) committed,  1 nodes.
      Class space:        1.00 GB reserved,     768.00 KB ( <1%) committed,  1 nodes.
             Both:        1.06 GB reserved,       5.69 MB ( <1%) committed. 

Chunk freelists:
   Non-Class:  10.89 MB
       Class:  15.25 MB
        Both:  26.14 MB

MaxMetaspaceSize: unlimited
CompressedClassSpaceSize: 1.00 GB
Initial GC threshold: 21.00 MB
Current GC threshold: 21.00 MB
CDS: on
 - commit_granule_bytes: 65536.
 - commit_granule_words: 8192.
 - virtual_space_node_default_size: 8388608.
 - enlarge_chunks_in_place: 1.
 - use_allocation_guard: 0.


Internal statistics:

num_allocs_failed_limit: 0.
num_arena_births: 116.
num_arena_deaths: 0.
num_vsnodes_births: 2.
num_vsnodes_deaths: 0.
num_space_committed: 91.
num_space_uncommitted: 0.
num_chunks_returned_to_freelist: 0.
num_chunks_taken_from_freelist: 138.
num_chunk_merges: 0.
num_chunk_splits: 86.
num_chunks_enlarged: 36.
num_inconsistent_stats: 0.

CodeHeap 'non-profiled nmethods': size=120000Kb used=172Kb max_used=172Kb free=119827Kb
 bounds [0x0000025971490000, 0x0000025971700000, 0x00000259789c0000]
CodeHeap 'profiled nmethods': size=120000Kb used=818Kb max_used=818Kb free=119181Kb
 bounds [0x00000259699c0000, 0x0000025969c30000, 0x0000025970ef0000]
CodeHeap 'non-nmethods': size=5760Kb used=1432Kb max_used=1441Kb free=4327Kb
 bounds [0x0000025970ef0000, 0x0000025971160000, 0x0000025971490000]
 total_blobs=1103 nmethods=580 adapters=428
 compilation: enabled
              stopped_count=0, restarted_count=0
 full_count=0

Compilation events (20 events):
Event: 0.802 Thread 0x000002597d47eab0 nmethod 568 0x0000025969a85590 code [0x0000025969a85780, 0x0000025969a85ce8]
Event: 0.803 Thread 0x000002597d47eab0  569       3       jdk.internal.ref.CleanerImpl::getCleanerImpl (13 bytes)
Event: 0.803 Thread 0x000002597d47eab0 nmethod 569 0x0000025969a85e90 code [0x0000025969a86040, 0x0000025969a86300]
Event: 0.803 Thread 0x000002597d47eab0  570       3       java.lang.ref.Cleaner$1::apply (9 bytes)
Event: 0.803 Thread 0x000002597d47eab0 nmethod 570 0x0000025969a86410 code [0x0000025969a865c0, 0x0000025969a86838]
Event: 0.803 Thread 0x000002597d47eab0  571       3       java.lang.ref.Cleaner$1::apply (5 bytes)
Event: 0.803 Thread 0x000002597d47eab0 nmethod 571 0x0000025969a86910 code [0x0000025969a86aa0, 0x0000025969a86bb8]
Event: 0.804 Thread 0x000002597d47eab0  572       3       java.lang.invoke.DirectMethodHandle::make (275 bytes)
Event: 0.805 Thread 0x000002597d47eab0 nmethod 572 0x0000025969a86c90 code [0x0000025969a87040, 0x0000025969a88448]
Event: 0.805 Thread 0x000002597d47eab0  575   !   3       javax.swing.UIDefaults::getFromHashtable (239 bytes)
Event: 0.807 Thread 0x000002597d47eab0 nmethod 575 0x0000025969a88c10 code [0x0000025969a88f40, 0x0000025969a8a4a8]
Event: 0.807 Thread 0x000002597d47eab0  576       1       java.awt.Component::getObjectLock (5 bytes)
Event: 0.807 Thread 0x000002597d47eab0 nmethod 576 0x00000259714bac10 code [0x00000259714bada0, 0x00000259714bae70]
Event: 0.807 Thread 0x000002597d47eab0  573       3       java.lang.invoke.MemberName::isField (8 bytes)
Event: 0.807 Thread 0x000002597d47eab0 nmethod 573 0x0000025969a8aa10 code [0x0000025969a8abc0, 0x0000025969a8ad98]
Event: 0.809 Thread 0x000002597d47eab0  577       3       java.lang.Integer::hashCode (8 bytes)
Event: 0.809 Thread 0x000002597d47eab0 nmethod 577 0x0000025969a8ae90 code [0x0000025969a8b040, 0x0000025969a8b1a8]
Event: 0.809 Thread 0x000002597d47eab0  578       3       java.lang.Integer::hashCode (2 bytes)
Event: 0.809 Thread 0x000002597d47eab0 nmethod 578 0x0000025969a8b290 code [0x0000025969a8b420, 0x0000025969a8b510]
Event: 0.826 Thread 0x000002597d47eab0  580       3       java.util.ImmutableCollections$Set12::<init> (53 bytes)

GC Heap History (0 events):
No events

Dll operation events (7 events):
Event: 0.030 Loaded shared library C:\Program Files\Java\jdk-21\bin\java.dll
Event: 0.116 Loaded shared library C:\Program Files\Java\jdk-21\bin\jsvml.dll
Event: 0.193 Loaded shared library C:\Program Files\Java\jdk-21\bin\net.dll
Event: 0.201 Loaded shared library C:\Program Files\Java\jdk-21\bin\nio.dll
Event: 0.255 Loaded shared library C:\Program Files\Java\jdk-21\bin\zip.dll
Event: 0.287 Loaded shared library C:\Program Files\Java\jdk-21\bin\jimage.dll
Event: 0.322 Loaded shared library C:\Program Files\Java\jdk-21\bin\awt.dll

Deoptimization events (4 events):
Event: 0.655 Thread 0x000002595f25cf50 Uncommon trap: trap_request=0xffffff45 fr.pc=0x00000259714a0864 relative=0x0000000000000a04
Event: 0.655 Thread 0x000002595f25cf50 Uncommon trap: reason=unstable_if action=reinterpret pc=0x00000259714a0864 method=java.util.HashMap.putVal(ILjava/lang/Object;Ljava/lang/Object;ZZ)Ljava/lang/Object; @ 236 c2
Event: 0.655 Thread 0x000002595f25cf50 DEOPT PACKING pc=0x00000259714a0864 sp=0x000000714ddfda60
Event: 0.656 Thread 0x000002595f25cf50 DEOPT UNPACKING pc=0x0000025970f446a2 sp=0x000000714ddfda18 mode 2

Classes loaded (20 events):
Event: 0.812 Loading class sun/awt/im/InputMethodWindow done
Event: 0.820 Loading class sun/awt/windows/WComponentPeer$2
Event: 0.820 Loading class sun/awt/windows/WComponentPeer$2 done
Event: 0.821 Loading class javax/swing/RepaintManager$2
Event: 0.821 Loading class javax/swing/RepaintManager$2 done
Event: 0.821 Loading class java/awt/event/InvocationEvent
Event: 0.821 Loading class java/awt/ActiveEvent
Event: 0.821 Loading class java/awt/ActiveEvent done
Event: 0.821 Loading class java/awt/event/InvocationEvent done
Event: 0.821 Loading class java/awt/event/InvocationEvent$1
Event: 0.821 Loading class sun/awt/AWTAccessor$InvocationEventAccessor
Event: 0.821 Loading class sun/awt/AWTAccessor$InvocationEventAccessor done
Event: 0.821 Loading class java/awt/event/InvocationEvent$1 done
Event: 0.821 Loading class java/awt/EventQueue$6
Event: 0.821 Loading class java/awt/EventQueue$6 done
Event: 0.822 Loading class java/awt/EventDispatchThread
Event: 0.822 Loading class java/awt/EventDispatchThread done
Event: 0.826 Loading class sun/awt/PeerEvent
Event: 0.826 Loading class sun/awt/PeerEvent done
Event: 0.827 Loading class java/awt/SequencedEvent

Classes unloaded (0 events):
No events

Classes redefined (0 events):
No events

Internal exceptions (13 events):
Event: 0.206 Thread 0x000002595f25cf50 Exception <a 'sun/nio/fs/WindowsException'{0x00000000a7c45818}> (0x00000000a7c45818) 
thrown [s\open\src\hotspot\share\prims\jni.cpp, line 520]
Event: 0.215 Thread 0x000002595f25cf50 Exception <a 'sun/nio/fs/WindowsException'{0x00000000a7c48180}> (0x00000000a7c48180) 
thrown [s\open\src\hotspot\share\prims\jni.cpp, line 520]
Event: 0.299 Thread 0x000002595f25cf50 Exception <a 'java/lang/ClassNotFoundException'{0x00000000a7b6b6e8}: sun/awt/resources/spi/awtProvider> (0x00000000a7b6b6e8) 
thrown [s\open\src\hotspot\share\classfile\systemDictionary.cpp, line 312]
Event: 0.349 Thread 0x000002595f25cf50 Exception <a 'java/io/FileNotFoundException'{0x00000000a7bc08d8}> (0x00000000a7bc08d8) 
thrown [s\open\src\hotspot\share\prims\jni.cpp, line 520]
Event: 0.368 Thread 0x000002595f25cf50 Exception <a 'java/io/FileNotFoundException'{0x00000000a7bea8b0}> (0x00000000a7bea8b0) 
thrown [s\open\src\hotspot\share\prims\jni.cpp, line 520]
Event: 0.661 Thread 0x000002595f25cf50 Exception <a 'java/lang/NoSuchMethodError'{0x00000000a7908e80}: 'void java.lang.invoke.DirectMethodHandle$Holder.invokeSpecial(java.lang.Object, java.lang.Object, java.lang.Object)'> (0x00000000a7908e80) 
thrown [s\open\src\hotspot\share\interpreter\linkResolver.cpp, line 773]
Event: 0.677 Thread 0x000002595f25cf50 Exception <a 'java/lang/NoSuchMethodError'{0x00000000a792e900}: 'java.lang.Object java.lang.invoke.DirectMethodHandle$Holder.newInvokeSpecial(java.lang.Object, java.lang.Object, java.lang.Object, java.lang.Object, java.lang.Object)'> (0x00000000a792e900) 
thrown [s\open\src\hotspot\share\interpreter\linkResolver.cpp, line 773]
Event: 0.688 Thread 0x000002595f25cf50 Exception <a 'java/lang/NoSuchMethodError'{0x00000000a795a488}: 'java.lang.Object java.lang.invoke.DirectMethodHandle$Holder.invokeStatic(java.lang.Object, int, java.lang.Object)'> (0x00000000a795a488) 
thrown [s\open\src\hotspot\share\interpreter\linkResolver.cpp, line 773]
Event: 0.731 Thread 0x000002595f25cf50 Exception <a 'java/lang/ClassNotFoundException'{0x00000000a79f9e68}: com/sun/swing/internal/plaf/metal/resources/spi/metalProvider> (0x00000000a79f9e68) 
thrown [s\open\src\hotspot\share\classfile\systemDictionary.cpp, line 312]
Event: 0.733 Thread 0x000002595f25cf50 Exception <a 'java/lang/ClassNotFoundException'{0x00000000a79fddc8}: com/sun/swing/internal/plaf/basic/resources/spi/basicProvider> (0x00000000a79fddc8) 
thrown [s\open\src\hotspot\share\classfile\systemDictionary.cpp, line 312]
Event: 0.754 Thread 0x000002595f25cf50 Exception <a 'java/lang/NoSuchMethodError'{0x00000000a781d448}: 'int java.lang.invoke.Invokers$Holder.invokeExact_MT(java.lang.Object, java.lang.Object)'> (0x00000000a781d448) 
thrown [s\open\src\hotspot\share\interpreter\linkResolver.cpp, line 773]
Event: 0.823 Thread 0x000002597d6c33d0 Exception <a 'java/lang/OutOfMemoryError'{0x00000000a7afa3d8}: unable to create native thread: possibly out of memory or process/resource limits reached> (0x00000000a7afa3d8) 
thrown [s\open\src\hotspot\share\prims\jvm.cpp, line 3013]
Event: 0.825 Thread 0x000002597d6c33d0 Exception <a 'java/lang/NoSuchMethodError'{0x00000000a7afaf88}: 'void java.lang.invoke.DirectMethodHandle$Holder.invokeVirtual(java.lang.Object, java.lang.Object)'> (0x00000000a7afaf88) 
thrown [s\open\src\hotspot\share\interpreter\linkResolver.cpp, line 773]

ZGC Phase Switch (0 events):
No events

VM Operations (4 events):
Event: 0.218 Executing VM operation: HandshakeAllThreads (Deoptimize)
Event: 0.218 Executing VM operation: HandshakeAllThreads (Deoptimize) done
Event: 0.789 Executing VM operation: HandshakeAllThreads (Deoptimize)
Event: 0.789 Executing VM operation: HandshakeAllThreads (Deoptimize) done

Events (16 events):
Event: 0.070 Thread 0x000002595f25cf50 Thread added: 0x000002595f25cf50
Event: 0.110 Thread 0x000002597d470a20 Thread added: 0x000002597d470a20
Event: 0.110 Thread 0x000002597d473b00 Thread added: 0x000002597d473b00
Event: 0.111 Thread 0x000002597d475cb0 Thread added: 0x000002597d475cb0
Event: 0.111 Thread 0x000002597d478f10 Thread added: 0x000002597d478f10
Event: 0.111 Thread 0x000002597d479b20 Thread added: 0x000002597d479b20
Event: 0.111 Thread 0x000002597d47d4a0 Thread added: 0x000002597d47d4a0
Event: 0.112 Thread 0x000002597d47e120 Thread added: 0x000002597d47e120
Event: 0.112 Thread 0x000002597d47eab0 Thread added: 0x000002597d47eab0
Event: 0.166 Thread 0x000002597d6c26b0 Thread added: 0x000002597d6c26b0
Event: 0.238 Thread 0x000002597d758070 Thread added: 0x000002597d758070
Event: 0.242 Thread 0x000002597d6c4e10 Thread added: 0x000002597d6c4e10
Event: 0.408 Thread 0x000002597d758070 Thread exited: 0x000002597d758070
Event: 0.489 Thread 0x000002597d6c2d40 Thread added: 0x000002597d6c2d40
Event: 0.492 Thread 0x000002597d6c54a0 Thread added: 0x000002597d6c54a0
Event: 0.496 Thread 0x000002597d6c33d0 Thread added: 0x000002597d6c33d0


Dynamic libraries:
0x00007ff689550000 - 0x00007ff689560000 	C:\Program Files\Java\jdk-21\bin\java.exe
0x00007ffe2deb0000 - 0x00007ffe2e0c7000 	C:\WINDOWS\SYSTEM32\ntdll.dll
0x00007ffe2c380000 - 0x00007ffe2c444000 	C:\WINDOWS\System32\KERNEL32.DLL
0x00007ffe2b480000 - 0x00007ffe2b82d000 	C:\WINDOWS\System32\KERNELBASE.dll
0x00007ffe2bac0000 - 0x00007ffe2bbd1000 	C:\WINDOWS\System32\ucrtbase.dll
0x00007ffe15e90000 - 0x00007ffe15ea9000 	C:\Program Files\Java\jdk-21\bin\jli.dll
0x00007ffe14e10000 - 0x00007ffe14e2b000 	C:\Program Files\Java\jdk-21\bin\VCRUNTIME140.dll
0x00007ffe2bed0000 - 0x00007ffe2bf82000 	C:\WINDOWS\System32\ADVAPI32.dll
0x00007ffe2c820000 - 0x00007ffe2c8c7000 	C:\WINDOWS\System32\msvcrt.dll
0x00007ffe2d140000 - 0x00007ffe2d1e9000 	C:\WINDOWS\System32\sechost.dll
0x00007ffe2b8a0000 - 0x00007ffe2b8c8000 	C:\WINDOWS\System32\bcrypt.dll
0x00007ffe2c540000 - 0x00007ffe2c654000 	C:\WINDOWS\System32\RPCRT4.dll
0x00007ffe2c090000 - 0x00007ffe2c23e000 	C:\WINDOWS\System32\USER32.dll
0x00007ffe2b1d0000 - 0x00007ffe2b1f6000 	C:\WINDOWS\System32\win32u.dll
0x00007ffe2d1f0000 - 0x00007ffe2d219000 	C:\WINDOWS\System32\GDI32.dll
0x00007ffe13140000 - 0x00007ffe133d3000 	C:\WINDOWS\WinSxS\amd64_microsoft.windows.common-controls_6595b64144ccf1df_6.0.22621.3672_none_2713b9d173822955\COMCTL32.dll
0x00007ffe2b200000 - 0x00007ffe2b319000 	C:\WINDOWS\System32\gdi32full.dll
0x00007ffe2b3e0000 - 0x00007ffe2b47a000 	C:\WINDOWS\System32\msvcp_win.dll
0x00007ffe26450000 - 0x00007ffe2645a000 	C:\WINDOWS\SYSTEM32\VERSION.dll
0x00007ffe2c050000 - 0x00007ffe2c081000 	C:\WINDOWS\System32\IMM32.DLL
0x00007ffe13d20000 - 0x00007ffe13d2c000 	C:\Program Files\Java\jdk-21\bin\vcruntime140_1.dll
0x00007ffddf110000 - 0x00007ffddf19e000 	C:\Program Files\Java\jdk-21\bin\msvcp140.dll
0x00007ffd9a820000 - 0x00007ffd9b535000 	C:\Program Files\Java\jdk-21\bin\server\jvm.dll
0x00007ffe2d390000 - 0x00007ffe2d401000 	C:\WINDOWS\System32\WS2_32.dll
0x00007ffe2b0a0000 - 0x00007ffe2b0ed000 	C:\WINDOWS\SYSTEM32\POWRPROF.dll
0x00007ffe26d90000 - 0x00007ffe26dc4000 	C:\WINDOWS\SYSTEM32\WINMM.dll
0x00007ffe2b080000 - 0x00007ffe2b093000 	C:\WINDOWS\SYSTEM32\UMPDC.dll
0x00007ffe2a220000 - 0x00007ffe2a238000 	C:\WINDOWS\SYSTEM32\kernel.appcore.dll
0x00007ffdf7b50000 - 0x00007ffdf7b5a000 	C:\Program Files\Java\jdk-21\bin\jimage.dll
0x00007ffe28c40000 - 0x00007ffe28e72000 	C:\WINDOWS\SYSTEM32\DBGHELP.DLL
0x00007ffe2d420000 - 0x00007ffe2d7ae000 	C:\WINDOWS\System32\combase.dll
0x00007ffe2c460000 - 0x00007ffe2c537000 	C:\WINDOWS\System32\OLEAUT32.dll
0x00007ffe09760000 - 0x00007ffe09792000 	C:\WINDOWS\SYSTEM32\dbgcore.DLL
0x00007ffe2ba40000 - 0x00007ffe2babb000 	C:\WINDOWS\System32\bcryptPrimitives.dll
0x00007ffe13d00000 - 0x00007ffe13d1f000 	C:\Program Files\Java\jdk-21\bin\java.dll
0x00007ffe2c8d0000 - 0x00007ffe2d137000 	C:\WINDOWS\System32\SHELL32.dll
0x00007ffe29150000 - 0x00007ffe29a4f000 	C:\WINDOWS\SYSTEM32\windows.storage.dll
0x00007ffe29010000 - 0x00007ffe2914f000 	C:\WINDOWS\SYSTEM32\wintypes.dll
0x00007ffe2c260000 - 0x00007ffe2c359000 	C:\WINDOWS\System32\SHCORE.dll
0x00007ffe2bf90000 - 0x00007ffe2bfee000 	C:\WINDOWS\System32\shlwapi.dll
0x00007ffe2b100000 - 0x00007ffe2b127000 	C:\WINDOWS\SYSTEM32\profapi.dll
0x00007ffddf3c0000 - 0x00007ffddf497000 	C:\Program Files\Java\jdk-21\bin\jsvml.dll
0x00007ffdf71a0000 - 0x00007ffdf71b0000 	C:\Program Files\Java\jdk-21\bin\net.dll
0x00007ffe26fc0000 - 0x00007ffe270f6000 	C:\WINDOWS\SYSTEM32\WINHTTP.dll
0x00007ffe2a690000 - 0x00007ffe2a6f9000 	C:\WINDOWS\system32\mswsock.dll
0x00007ffde7090000 - 0x00007ffde70a6000 	C:\Program Files\Java\jdk-21\bin\nio.dll
0x00007ffde6910000 - 0x00007ffde6928000 	C:\Program Files\Java\jdk-21\bin\zip.dll
0x00007ffd8c070000 - 0x00007ffd8c1ff000 	C:\Program Files\Java\jdk-21\bin\awt.dll
0x00007ffe26210000 - 0x00007ffe262a7000 	C:\WINDOWS\SYSTEM32\apphelp.dll
0x00007ffe28690000 - 0x00007ffe286bb000 	C:\WINDOWS\system32\DWMAPI.DLL
0x00007ffe28420000 - 0x00007ffe284d1000 	C:\WINDOWS\system32\uxtheme.dll
0x00007ffde4f90000 - 0x00007ffde5090000 	C:\WINDOWS\system32\opengl32.dll
0x00007ffdfbd80000 - 0x00007ffdfbdad000 	C:\WINDOWS\SYSTEM32\GLU32.dll
0x00007ffe28520000 - 0x00007ffe28557000 	C:\WINDOWS\SYSTEM32\dxcore.dll
0x00007ffe2dd10000 - 0x00007ffe2de6e000 	C:\WINDOWS\System32\MSCTF.dll
0x00007ffe2bd20000 - 0x00007ffe2bec5000 	C:\WINDOWS\System32\ole32.dll
0x00007ffde4b10000 - 0x00007ffde4cb8000 	C:\WINDOWS\system32\d3d9.dll
0x00007ffe21780000 - 0x00007ffe21958000 	C:\Windows\System32\DriverStore\FileRepository\u0356148.inf_amd64_49a476cb3d4116cb\B355990\aticfx64.dll
0x00007ffdcc260000 - 0x00007ffdcc291000 	C:\Windows\System32\DriverStore\FileRepository\u0356148.inf_amd64_49a476cb3d4116cb\B355990\atiu9p64.dll
0x00007ffd98290000 - 0x00007ffd98efa000 	C:\Windows\System32\DriverStore\FileRepository\u0356148.inf_amd64_49a476cb3d4116cb\B355990\atiumd64.dll
0x00007ffe1fe40000 - 0x00007ffe1fe6e000 	C:\WINDOWS\SYSTEM32\amdihk64.dll
0x00007ffe23a60000 - 0x00007ffe23aa9000 	C:\WINDOWS\SYSTEM32\directxdatabasehelper.dll

dbghelp: loaded successfully - version: 4.0.5 - missing functions: none
symbol engine: initialized successfully - sym options: 0x614 - pdb path: .;C:\Program Files\Java\jdk-21\bin;C:\WINDOWS\SYSTEM32;C:\WINDOWS\WinSxS\amd64_microsoft.windows.common-controls_6595b64144ccf1df_6.0.22621.3672_none_2713b9d173822955;C:\Program Files\Java\jdk-21\bin\server;C:\Windows\System32\DriverStore\FileRepository\u0356148.inf_amd64_49a476cb3d4116cb\B355990

VM Arguments:
jvm_args: -Dfile.encoding=UTF-8 --module-path=C:\Users\Mayur chavan\Downloads\AirlineManagementSystem\AirlineManagementSystem-master\Airwings\build\classes 
java_command: Airwings.Login
java_class_path (initial): C:\Users\Mayur chavan\Downloads\jcalendar-tz-1.3.3-4-1.jar;C:\Users\Mayur chavan\Downloads\rs2xml (1).jar;C:\Users\Mayur chavan\Downloads\mysql-connector-j-8.0.33;C:\Users\Mayur chavan\Downloads\AirlineManagementSystem\AirlineManagementSystem-master\Airwings\build\classes
Launcher Type: SUN_STANDARD

[Global flags]
     intx CICompilerCount                          = 4                                         {product} {ergonomic}
     uint ConcGCThreads                            = 2                                         {product} {ergonomic}
     uint G1ConcRefinementThreads                  = 8                                         {product} {ergonomic}
   size_t G1HeapRegionSize                         = 1048576                                   {product} {ergonomic}
    uintx GCDrainStackTargetSize                   = 64                                        {product} {ergonomic}
   size_t InitialHeapSize                          = 100663296                                 {product} {ergonomic}
   size_t MarkStackSize                            = 4194304                                   {product} {ergonomic}
   size_t MaxHeapSize                              = 1579155456                                {product} {ergonomic}
   size_t MaxNewSize                               = 946864128                                 {product} {ergonomic}
   size_t MinHeapDeltaBytes                        = 1048576                                   {product} {ergonomic}
   size_t MinHeapSize                              = 8388608                                   {product} {ergonomic}
    uintx NonNMethodCodeHeapSize                   = 5839372                                {pd product} {ergonomic}
    uintx NonProfiledCodeHeapSize                  = 122909434                              {pd product} {ergonomic}
    uintx ProfiledCodeHeapSize                     = 122909434                              {pd product} {ergonomic}
    uintx ReservedCodeCacheSize                    = 251658240                              {pd product} {ergonomic}
     bool SegmentedCodeCache                       = true                                      {product} {ergonomic}
   size_t SoftMaxHeapSize                          = 1579155456                             {manageable} {ergonomic}
     bool UseCompressedOops                        = true                           {product lp64_product} {ergonomic}
     bool UseG1GC                                  = true                                      {product} {ergonomic}
     bool UseLargePagesIndividualAllocation        = false                                  {pd product} {ergonomic}

Logging:
Log output configuration:
 #0: stdout all=warning uptime,level,tags foldmultilines=false
 #1: stderr all=off uptime,level,tags foldmultilines=false

Environment Variables:
CLASSPATH=C:\Users\Mayur chavan\Downloads\mysql-connector-j-8.0.33\mysql-connector-j-8.0.33;.;
PATH=C:\Program Files\Common Files\Oracle\Java\javapath;C:\Program Files\Python311\Scripts\;C:\Program Files\Python311\;C:\windows\system32;C:\windows;C:\windows\System32\Wbem;C:\windows\System32\WindowsPowerShell\v1.0\;C:\windows\System32\OpenSSH\;C:\Program Files (x86)\NVIDIA Corporation\PhysX\Common;C:\Program Files\NVIDIA Corporation\NVIDIA NvDLISR;C:\WINDOWS\system32;C:\WINDOWS;C:\WINDOWS\System32\Wbem;C:\WINDOWS\System32\WindowsPowerShell\v1.0\;C:\WINDOWS\System32\OpenSSH\;C:\Program Files\dotnet\;C:\Program Files\Java\jdk-21\bin;C:\Program Files\Git\cmd;C:\Program Files\MySQL\MySQL Server 8.0\bin;C:\Program Files (x86)\Microsoft SQL Server\160\Tools\Binn\;C:\Program Files\Microsoft SQL Server\160\Tools\Binn\;C:\Program Files\Microsoft SQL Server\Client SDK\ODBC\170\Tools\Binn\;C:\Program Files\Microsoft SQL Server\160\DTS\Binn\;C:\Program Files (x86)\Microsoft SQL Server\160\DTS\Binn\;C:\Program Files\nodejs\;C:\Program Files\MySQL\MySQL Server 8.0\bin;C:\Program Files\php-8.3.9;C:\Program Files\MySQL\MySQL Shell 8.0\bin\;C:\Users\Mayur chavan\AppData\Local\Microsoft\WindowsApps;C:\Users\Mayur chavan\AppData\Local\Programs\Microsoft VS Code\bin;C:\Program Files\JetBrains\IntelliJ IDEA Community Edition 2023.2.4\bin;;C:\Users\Mayur chavan\AppData\Roaming\npm;C:\Program Files\Java\jdk-21\bin;
USERNAME=Mayur chavan
OS=Windows_NT
PROCESSOR_IDENTIFIER=AMD64 Family 23 Model 24 Stepping 1, AuthenticAMD
TMP=C:\Users\MAYURC~1\AppData\Local\Temp
TEMP=C:\Users\MAYURC~1\AppData\Local\Temp




Periodic native trim disabled

---------------  S Y S T E M  ---------------

OS:
 Windows 11 , 64 bit Build 22621 (10.0.22621.3958)
OS uptime: 20 days 19:53 hours

CPU: total 8 (initial active 8) (8 cores per cpu, 2 threads per core) family 23 model 24 stepping 1 microcode 0x0, cx8, cmov, fxsr, ht, mmx, 3dnowpref, sse, sse2, sse3, ssse3, sse4a, sse4.1, sse4.2, popcnt, lzcnt, tsc, tscinvbit, avx, avx2, aes, clmul, bmi1, bmi2, adx, sha, fma, vzeroupper, clflush, clflushopt, rdtscp, f16c
Processor Information for all 8 processors :
  Max Mhz: 2100, Current Mhz: 1400, Mhz Limit: 2100

Memory: 4k page, system-wide physical 6021M (398M free)
TotalPageFile size 24453M (AvailPageFile size 4M)
current process WorkingSet (physical memory assigned to process): 58M, peak: 58M
current process commit charge ("private bytes"): 189M, peak: 189M

vm_info: Java HotSpot(TM) 64-Bit Server VM (21.0.1+12-LTS-29) for windows-amd64 JRE (21.0.1+12-LTS-29), built on 2023-10-05T13:27:09Z by "mach5one" with MS VC++ 17.1 (VS2022)

END.
