#
# There is insufficient memory for the Java Runtime Environment to continue.
# Native memory allocation (mmap) failed to map 65536 bytes for Failed to commit metaspace.
# Possible reasons:
#   The system is out of physical RAM or swap space
#   The process is running with CompressedOops enabled, and the Java Heap may be blocking the growth of the native heap
# Possible solutions:
#   Reduce memory load on the system
#   Increase physical memory or swap space
#   Check if swap backing store is full
#   Decrease Java heap size (-Xmx/-Xms)
#   Decrease number of Java threads
#   Decrease Java thread stack sizes (-Xss)
#   Set larger code cache with -XX:ReservedCodeCacheSize=
#   JVM is running with Unscaled Compressed Oops mode in which the Java heap is
#     placed in the first 4GB address space. The Java Heap base address is the
#     maximum limit for the native heap growth. Please use -XX:HeapBaseMinAddress
#     to set the Java Heap base and to place the Java Heap above 4GB virtual address.
# This output file may be truncated or incomplete.
#
#  Out of Memory Error (virtualSpaceNode.cpp:112), pid=28640, tid=24976
#
# JRE version: Java(TM) SE Runtime Environment (21.0.1+12) (build 21.0.1+12-LTS-29)
# Java VM: Java HotSpot(TM) 64-Bit Server VM (21.0.1+12-LTS-29, mixed mode, tiered, compressed oops, compressed class ptrs, g1 gc, windows-amd64)
# No core dump will be written. Minidumps are not enabled by default on client versions of Windows
#

---------------  S U M M A R Y ------------

Command Line: -Dfile.encoding=UTF-8 --module-path=C:\Users\Mayur chavan\Downloads\AirlineManagementSystem\AirlineManagementSystem-master\Airwings\build\classes Airwings.Login

Host: AMD Ryzen 5 3550H with Radeon Vega Mobile Gfx  , 8 cores, 5G,  Windows 11 , 64 bit Build 22621 (10.0.22621.3958)
Time: Wed Oct  2 18:11:56 2024 India Standard Time elapsed time: 0.225751 seconds (0d 0h 0m 0s)

---------------  T H R E A D  ---------------

Current thread (0x0000026c5af6c110):  JavaThread "main"             [_thread_in_vm, id=24976, stack(0x000000f0f0200000,0x000000f0f0300000) (1024K)]

Stack: [0x000000f0f0200000,0x000000f0f0300000]
Native frames: (J=compiled Java code, j=interpreted, Vv=VM code, C=native code)
V  [jvm.dll+0x6c9029]
V  [jvm.dll+0x854b81]
V  [jvm.dll+0x856e5e]
V  [jvm.dll+0x857543]
V  [jvm.dll+0x280c06]
V  [jvm.dll+0x8508ae]
V  [jvm.dll+0x66ca45]
V  [jvm.dll+0x66caaa]
V  [jvm.dll+0x66f2a6]
V  [jvm.dll+0x66f172]
V  [jvm.dll+0x66d41e]
V  [jvm.dll+0x309851]
V  [jvm.dll+0x219133]
V  [jvm.dll+0x20dc67]
V  [jvm.dll+0x5ac6dc]
V  [jvm.dll+0x21f67a]
V  [jvm.dll+0x7ccde1]
V  [jvm.dll+0x7cde45]
V  [jvm.dll+0x7ce3ef]
V  [jvm.dll+0x7ce098]
V  [jvm.dll+0x26ebdb]
V  [jvm.dll+0x3d36fe]
C  0x0000026c6cc7a6b6

The last pc belongs to new (printed below).
Java frames: (J=compiled Java code, j=interpreted, Vv=VM code)
j  jdk.internal.module.ModulePath.<clinit>()V+16 java.base
v  ~StubRoutines::call_stub 0x0000026c6cc6100d
j  jdk.internal.module.ModuleBootstrap.finderFor(Ljava/lang/String;)Ljava/lang/module/ModuleFinder;+79 java.base
j  jdk.internal.module.ModuleBootstrap.boot2()Ljava/lang/ModuleLayer;+8 java.base
j  jdk.internal.module.ModuleBootstrap.boot()Ljava/lang/ModuleLayer;+64 java.base
j  java.lang.System.initPhase2(ZZ)I+0 java.base
v  ~StubRoutines::call_stub 0x0000026c6cc6100d
new  187 new  [0x0000026c6cc7a540, 0x0000026c6cc7a740]  512 bytes
[MachCode]
  0x0000026c6cc7a540: 4883 ec08 | c5fa 1104 | 24eb 1f48 | 83ec 10c5 | fb11 0424 | eb14 4883 | ec10 4889 | 0424 48c7 
  0x0000026c6cc7a560: 4424 0800 | 0000 00eb | 0150 410f | b755 010f | cac1 ea10 | 488b 4de8 | 488b 4908 | 488b 4908 
  0x0000026c6cc7a580: 488b 4108 | 807c 1004 | 070f 85ca | 0000 0066 | 8b54 d148 | 488b 4928 | 488b 4cd1 | 0851 80b9 
  0x0000026c6cc7a5a0: 2001 0000 | 050f 85ad | 0000 008b | 5108 f6c2 | 010f 85a1 | 0000 0049 | 8b87 b801 | 0000 488d 
  0x0000026c6cc7a5c0: 1c10 493b | 9fc8 0100 | 000f 8789 | 0000 0049 | 899f b801 | 0000 4883 | ea10 0f84 | 0f00 0000 
  0x0000026c6cc7a5e0: 33c9 c1ea | 0348 894c | d008 48ff | ca75 f648 | c700 0100 | 0000 5933 | f689 700c | 48c1 e903 
  0x0000026c6cc7a600: 8948 0849 | baca 257b | e3f8 7f00 | 0041 803a | 000f 843c | 0000 0050 | 488b c848 | 83ec 2040 
  0x0000026c6cc7a620: f6c4 0f0f | 8419 0000 | 0048 83ec | 0848 b870 | eb2b e3f8 | 7f00 00ff | d048 83c4 | 08e9 0c00 
  0x0000026c6cc7a640: 0000 48b8 | 70eb 2be3 | f87f 0000 | ffd0 4883 | c420 58e9 | cb00 0000 | 5948 8b55 | e848 8b52 
  0x0000026c6cc7a660: 0848 8b52 | 0845 0fb7 | 4501 410f | c841 c1e8 | 10e8 0500 | 0000 e9a8 | 0000 0048 | 8d44 2408 
  0x0000026c6cc7a680: 4c89 6dc0 | 498b cfc5 | f877 4989 | afa8 0300 | 0049 8987 | 9803 0000 | 4883 ec20 | 40f6 c40f 
  0x0000026c6cc7a6a0: 0f84 1900 | 0000 4883 | ec08 48b8 | b036 f6e2 | f87f 0000 | ffd0 4883 | c408 e90c | 0000 0048 
  0x0000026c6cc7a6c0: b8b0 36f6 | e2f8 7f00 | 00ff d048 | 83c4 2049 | c787 9803 | 0000 0000 | 0000 49c7 | 87a8 0300 
  0x0000026c6cc7a6e0: 0000 0000 | 0049 c787 | a003 0000 | 0000 0000 | c5f8 7749 | 837f 0800 | 0f84 0500 | 0000 e9fd 
  0x0000026c6cc7a700: 67fe ff49 | 8b87 f003 | 0000 49c7 | 87f0 0300 | 0000 0000 | 004c 8b6d | c04c 8b75 | c84e 8d74 
  0x0000026c6cc7a720: f500 c341 | 0fb6 5d03 | 4983 c503 | 49ba 80df | 7de3 f87f | 0000 41ff | 24da 660f | 1f44 0000 
[/MachCode]

---------------  P R O C E S S  ---------------

Threads class SMR info:
_java_thread_list=0x0000026c7926b040, length=9, elements={
0x0000026c5af6c110, 0x0000026c04158540, 0x0000026c7926d990, 0x0000026c0414c140,
0x0000026c04188f90, 0x0000026c0414ebb0, 0x0000026c04146440, 0x0000026c0414f740,
0x0000026c041946e0
}

Java Threads: ( => current thread )
=>0x0000026c5af6c110 JavaThread "main"                              [_thread_in_vm, id=24976, stack(0x000000f0f0200000,0x000000f0f0300000) (1024K)]
  0x0000026c04158540 JavaThread "Reference Handler"          daemon [_thread_blocked, id=25152, stack(0x000000f0f0a00000,0x000000f0f0b00000) (1024K)]
  0x0000026c7926d990 JavaThread "Finalizer"                  daemon [_thread_blocked, id=24880, stack(0x000000f0f0b00000,0x000000f0f0c00000) (1024K)]
  0x0000026c0414c140 JavaThread "Signal Dispatcher"          daemon [_thread_blocked, id=24064, stack(0x000000f0f0c00000,0x000000f0f0d00000) (1024K)]
  0x0000026c04188f90 JavaThread "Attach Listener"            daemon [_thread_blocked, id=25240, stack(0x000000f0f0d00000,0x000000f0f0e00000) (1024K)]
  0x0000026c0414ebb0 JavaThread "Service Thread"             daemon [_thread_blocked, id=27740, stack(0x000000f0f0e00000,0x000000f0f0f00000) (1024K)]
  0x0000026c04146440 JavaThread "Monitor Deflation Thread"   daemon [_thread_blocked, id=27864, stack(0x000000f0f0f00000,0x000000f0f1000000) (1024K)]
  0x0000026c0414f740 JavaThread "C2 CompilerThread0"         daemon [_thread_blocked, id=14932, stack(0x000000f0f1000000,0x000000f0f1100000) (1024K)]
  0x0000026c041946e0 JavaThread "C1 CompilerThread0"         daemon [_thread_blocked, id=24992, stack(0x000000f0f1100000,0x000000f0f1200000) (1024K)]
Total: 9

Other Threads:
  0x0000026c79203c50 VMThread "VM Thread"                           [id=15036, stack(0x000000f0f0900000,0x000000f0f0a00000) (1024K)]
  0x0000026c791b4900 WatcherThread "VM Periodic Task Thread"        [id=22080, stack(0x000000f0f0800000,0x000000f0f0900000) (1024K)]
  0x0000026c5d320a10 WorkerThread "GC Thread#0"                     [id=25312, stack(0x000000f0f0300000,0x000000f0f0400000) (1024K)]
  0x0000026c5d32ed00 ConcurrentGCThread "G1 Main Marker"            [id=25576, stack(0x000000f0f0400000,0x000000f0f0500000) (1024K)]
  0x0000026c5d32fea0 WorkerThread "G1 Conc#0"                       [id=28616, stack(0x000000f0f0500000,0x000000f0f0600000) (1024K)]
  0x0000026c5d39e290 ConcurrentGCThread "G1 Refine#0"               [id=28332, stack(0x000000f0f0600000,0x000000f0f0700000) (1024K)]
  0x0000026c790820a0 ConcurrentGCThread "G1 Service"                [id=27764, stack(0x000000f0f0700000,0x000000f0f0800000) (1024K)]
Total: 7

Threads with active compile tasks:
Total: 0

VM state: not at safepoint (normal execution)

VM Mutex/Monitor currently owned by a thread:  ([mutex/lock_event])
[0x00007ff8e37c8578] Metaspace_lock - owner thread: 0x0000026c5af6c110

Heap address: 0x00000000a1e00000, size: 1506 MB, Compressed Oops mode: 32-bit

CDS archive(s) not mapped
Compressed class space mapped at: 0x0000000100000000-0x0000000140000000, reserved size: 1073741824
Narrow klass base: 0x0000000000000000, Narrow klass shift: 3, Narrow klass range: 0x140000000

GC Precious Log:
 CardTable entry size: 512
 Card Set container configuration: InlinePtr #cards 5 size 8 Array Of Cards #cards 12 size 40 Howl #buckets 4 coarsen threshold 1843 Howl Bitmap #cards 512 size 80 coarsen threshold 460 Card regions per heap region 1 cards per card region 2048
 CPUs: 8 total, 8 available
 Memory: 6021M
 Large Page Support: Disabled
 NUMA Support: Disabled
 Compressed Oops: Enabled (32-bit)
 Heap Region Size: 1M
 Heap Min Capacity: 8M
 Heap Initial Capacity: 96M
 Heap Max Capacity: 1506M
 Pre-touch: Disabled
 Parallel Workers: 8
 Concurrent Workers: 2
 Concurrent Refinement Workers: 8
 Periodic GC: Disabled

Heap:
 garbage-first heap   total 98304K, used 0K [0x00000000a1e00000, 0x0000000100000000)
  region size 1024K, 1 young (1024K), 0 survivors (0K)
 Metaspace       used 3514K, committed 3520K, reserved 1114112K
  class space    used 250K, committed 256K, reserved 1048576K

Heap Regions: E=young(eden), S=young(survivor), O=old, HS=humongous(starts), HC=humongous(continues), CS=collection set, F=free, TAMS=top-at-mark-start, PB=parsable bottom
|   0|0x00000000a1e00000, 0x00000000a1e00000, 0x00000000a1f00000|  0%| F|  |TAMS 0x00000000a1e00000| PB 0x00000000a1e00000| Untracked 
|   1|0x00000000a1f00000, 0x00000000a1f00000, 0x00000000a2000000|  0%| F|  |TAMS 0x00000000a1f00000| PB 0x00000000a1f00000| Untracked 
|   2|0x00000000a2000000, 0x00000000a2000000, 0x00000000a2100000|  0%| F|  |TAMS 0x00000000a2000000| PB 0x00000000a2000000| Untracked 
|   3|0x00000000a2100000, 0x00000000a2100000, 0x00000000a2200000|  0%| F|  |TAMS 0x00000000a2100000| PB 0x00000000a2100000| Untracked 
|   4|0x00000000a2200000, 0x00000000a2200000, 0x00000000a2300000|  0%| F|  |TAMS 0x00000000a2200000| PB 0x00000000a2200000| Untracked 
|   5|0x00000000a2300000, 0x00000000a2300000, 0x00000000a2400000|  0%| F|  |TAMS 0x00000000a2300000| PB 0x00000000a2300000| Untracked 
|   6|0x00000000a2400000, 0x00000000a2400000, 0x00000000a2500000|  0%| F|  |TAMS 0x00000000a2400000| PB 0x00000000a2400000| Untracked 
|   7|0x00000000a2500000, 0x00000000a2500000, 0x00000000a2600000|  0%| F|  |TAMS 0x00000000a2500000| PB 0x00000000a2500000| Untracked 
|   8|0x00000000a2600000, 0x00000000a2600000, 0x00000000a2700000|  0%| F|  |TAMS 0x00000000a2600000| PB 0x00000000a2600000| Untracked 
|   9|0x00000000a2700000, 0x00000000a2700000, 0x00000000a2800000|  0%| F|  |TAMS 0x00000000a2700000| PB 0x00000000a2700000| Untracked 
|  10|0x00000000a2800000, 0x00000000a2800000, 0x00000000a2900000|  0%| F|  |TAMS 0x00000000a2800000| PB 0x00000000a2800000| Untracked 
|  11|0x00000000a2900000, 0x00000000a2900000, 0x00000000a2a00000|  0%| F|  |TAMS 0x00000000a2900000| PB 0x00000000a2900000| Untracked 
|  12|0x00000000a2a00000, 0x00000000a2a00000, 0x00000000a2b00000|  0%| F|  |TAMS 0x00000000a2a00000| PB 0x00000000a2a00000| Untracked 
|  13|0x00000000a2b00000, 0x00000000a2b00000, 0x00000000a2c00000|  0%| F|  |TAMS 0x00000000a2b00000| PB 0x00000000a2b00000| Untracked 
|  14|0x00000000a2c00000, 0x00000000a2c00000, 0x00000000a2d00000|  0%| F|  |TAMS 0x00000000a2c00000| PB 0x00000000a2c00000| Untracked 
|  15|0x00000000a2d00000, 0x00000000a2d00000, 0x00000000a2e00000|  0%| F|  |TAMS 0x00000000a2d00000| PB 0x00000000a2d00000| Untracked 
|  16|0x00000000a2e00000, 0x00000000a2e00000, 0x00000000a2f00000|  0%| F|  |TAMS 0x00000000a2e00000| PB 0x00000000a2e00000| Untracked 
|  17|0x00000000a2f00000, 0x00000000a2f00000, 0x00000000a3000000|  0%| F|  |TAMS 0x00000000a2f00000| PB 0x00000000a2f00000| Untracked 
|  18|0x00000000a3000000, 0x00000000a3000000, 0x00000000a3100000|  0%| F|  |TAMS 0x00000000a3000000| PB 0x00000000a3000000| Untracked 
|  19|0x00000000a3100000, 0x00000000a3100000, 0x00000000a3200000|  0%| F|  |TAMS 0x00000000a3100000| PB 0x00000000a3100000| Untracked 
|  20|0x00000000a3200000, 0x00000000a3200000, 0x00000000a3300000|  0%| F|  |TAMS 0x00000000a3200000| PB 0x00000000a3200000| Untracked 
|  21|0x00000000a3300000, 0x00000000a3300000, 0x00000000a3400000|  0%| F|  |TAMS 0x00000000a3300000| PB 0x00000000a3300000| Untracked 
|  22|0x00000000a3400000, 0x00000000a3400000, 0x00000000a3500000|  0%| F|  |TAMS 0x00000000a3400000| PB 0x00000000a3400000| Untracked 
|  23|0x00000000a3500000, 0x00000000a3500000, 0x00000000a3600000|  0%| F|  |TAMS 0x00000000a3500000| PB 0x00000000a3500000| Untracked 
|  24|0x00000000a3600000, 0x00000000a3600000, 0x00000000a3700000|  0%| F|  |TAMS 0x00000000a3600000| PB 0x00000000a3600000| Untracked 
|  25|0x00000000a3700000, 0x00000000a3700000, 0x00000000a3800000|  0%| F|  |TAMS 0x00000000a3700000| PB 0x00000000a3700000| Untracked 
|  26|0x00000000a3800000, 0x00000000a3800000, 0x00000000a3900000|  0%| F|  |TAMS 0x00000000a3800000| PB 0x00000000a3800000| Untracked 
|  27|0x00000000a3900000, 0x00000000a3900000, 0x00000000a3a00000|  0%| F|  |TAMS 0x00000000a3900000| PB 0x00000000a3900000| Untracked 
|  28|0x00000000a3a00000, 0x00000000a3a00000, 0x00000000a3b00000|  0%| F|  |TAMS 0x00000000a3a00000| PB 0x00000000a3a00000| Untracked 
|  29|0x00000000a3b00000, 0x00000000a3b00000, 0x00000000a3c00000|  0%| F|  |TAMS 0x00000000a3b00000| PB 0x00000000a3b00000| Untracked 
|  30|0x00000000a3c00000, 0x00000000a3c00000, 0x00000000a3d00000|  0%| F|  |TAMS 0x00000000a3c00000| PB 0x00000000a3c00000| Untracked 
|  31|0x00000000a3d00000, 0x00000000a3d00000, 0x00000000a3e00000|  0%| F|  |TAMS 0x00000000a3d00000| PB 0x00000000a3d00000| Untracked 
|  32|0x00000000a3e00000, 0x00000000a3e00000, 0x00000000a3f00000|  0%| F|  |TAMS 0x00000000a3e00000| PB 0x00000000a3e00000| Untracked 
|  33|0x00000000a3f00000, 0x00000000a3f00000, 0x00000000a4000000|  0%| F|  |TAMS 0x00000000a3f00000| PB 0x00000000a3f00000| Untracked 
|  34|0x00000000a4000000, 0x00000000a4000000, 0x00000000a4100000|  0%| F|  |TAMS 0x00000000a4000000| PB 0x00000000a4000000| Untracked 
|  35|0x00000000a4100000, 0x00000000a4100000, 0x00000000a4200000|  0%| F|  |TAMS 0x00000000a4100000| PB 0x00000000a4100000| Untracked 
|  36|0x00000000a4200000, 0x00000000a4200000, 0x00000000a4300000|  0%| F|  |TAMS 0x00000000a4200000| PB 0x00000000a4200000| Untracked 
|  37|0x00000000a4300000, 0x00000000a4300000, 0x00000000a4400000|  0%| F|  |TAMS 0x00000000a4300000| PB 0x00000000a4300000| Untracked 
|  38|0x00000000a4400000, 0x00000000a4400000, 0x00000000a4500000|  0%| F|  |TAMS 0x00000000a4400000| PB 0x00000000a4400000| Untracked 
|  39|0x00000000a4500000, 0x00000000a4500000, 0x00000000a4600000|  0%| F|  |TAMS 0x00000000a4500000| PB 0x00000000a4500000| Untracked 
|  40|0x00000000a4600000, 0x00000000a4600000, 0x00000000a4700000|  0%| F|  |TAMS 0x00000000a4600000| PB 0x00000000a4600000| Untracked 
|  41|0x00000000a4700000, 0x00000000a4700000, 0x00000000a4800000|  0%| F|  |TAMS 0x00000000a4700000| PB 0x00000000a4700000| Untracked 
|  42|0x00000000a4800000, 0x00000000a4800000, 0x00000000a4900000|  0%| F|  |TAMS 0x00000000a4800000| PB 0x00000000a4800000| Untracked 
|  43|0x00000000a4900000, 0x00000000a4900000, 0x00000000a4a00000|  0%| F|  |TAMS 0x00000000a4900000| PB 0x00000000a4900000| Untracked 
|  44|0x00000000a4a00000, 0x00000000a4a00000, 0x00000000a4b00000|  0%| F|  |TAMS 0x00000000a4a00000| PB 0x00000000a4a00000| Untracked 
|  45|0x00000000a4b00000, 0x00000000a4b00000, 0x00000000a4c00000|  0%| F|  |TAMS 0x00000000a4b00000| PB 0x00000000a4b00000| Untracked 
|  46|0x00000000a4c00000, 0x00000000a4c00000, 0x00000000a4d00000|  0%| F|  |TAMS 0x00000000a4c00000| PB 0x00000000a4c00000| Untracked 
|  47|0x00000000a4d00000, 0x00000000a4d00000, 0x00000000a4e00000|  0%| F|  |TAMS 0x00000000a4d00000| PB 0x00000000a4d00000| Untracked 
|  48|0x00000000a4e00000, 0x00000000a4e00000, 0x00000000a4f00000|  0%| F|  |TAMS 0x00000000a4e00000| PB 0x00000000a4e00000| Untracked 
|  49|0x00000000a4f00000, 0x00000000a4f00000, 0x00000000a5000000|  0%| F|  |TAMS 0x00000000a4f00000| PB 0x00000000a4f00000| Untracked 
|  50|0x00000000a5000000, 0x00000000a5000000, 0x00000000a5100000|  0%| F|  |TAMS 0x00000000a5000000| PB 0x00000000a5000000| Untracked 
|  51|0x00000000a5100000, 0x00000000a5100000, 0x00000000a5200000|  0%| F|  |TAMS 0x00000000a5100000| PB 0x00000000a5100000| Untracked 
|  52|0x00000000a5200000, 0x00000000a5200000, 0x00000000a5300000|  0%| F|  |TAMS 0x00000000a5200000| PB 0x00000000a5200000| Untracked 
|  53|0x00000000a5300000, 0x00000000a5300000, 0x00000000a5400000|  0%| F|  |TAMS 0x00000000a5300000| PB 0x00000000a5300000| Untracked 
|  54|0x00000000a5400000, 0x00000000a5400000, 0x00000000a5500000|  0%| F|  |TAMS 0x00000000a5400000| PB 0x00000000a5400000| Untracked 
|  55|0x00000000a5500000, 0x00000000a5500000, 0x00000000a5600000|  0%| F|  |TAMS 0x00000000a5500000| PB 0x00000000a5500000| Untracked 
|  56|0x00000000a5600000, 0x00000000a5600000, 0x00000000a5700000|  0%| F|  |TAMS 0x00000000a5600000| PB 0x00000000a5600000| Untracked 
|  57|0x00000000a5700000, 0x00000000a5700000, 0x00000000a5800000|  0%| F|  |TAMS 0x00000000a5700000| PB 0x00000000a5700000| Untracked 
|  58|0x00000000a5800000, 0x00000000a5800000, 0x00000000a5900000|  0%| F|  |TAMS 0x00000000a5800000| PB 0x00000000a5800000| Untracked 
|  59|0x00000000a5900000, 0x00000000a5900000, 0x00000000a5a00000|  0%| F|  |TAMS 0x00000000a5900000| PB 0x00000000a5900000| Untracked 
|  60|0x00000000a5a00000, 0x00000000a5a00000, 0x00000000a5b00000|  0%| F|  |TAMS 0x00000000a5a00000| PB 0x00000000a5a00000| Untracked 
|  61|0x00000000a5b00000, 0x00000000a5b00000, 0x00000000a5c00000|  0%| F|  |TAMS 0x00000000a5b00000| PB 0x00000000a5b00000| Untracked 
|  62|0x00000000a5c00000, 0x00000000a5c00000, 0x00000000a5d00000|  0%| F|  |TAMS 0x00000000a5c00000| PB 0x00000000a5c00000| Untracked 
|  63|0x00000000a5d00000, 0x00000000a5d00000, 0x00000000a5e00000|  0%| F|  |TAMS 0x00000000a5d00000| PB 0x00000000a5d00000| Untracked 
|  64|0x00000000a5e00000, 0x00000000a5e00000, 0x00000000a5f00000|  0%| F|  |TAMS 0x00000000a5e00000| PB 0x00000000a5e00000| Untracked 
|  65|0x00000000a5f00000, 0x00000000a5f00000, 0x00000000a6000000|  0%| F|  |TAMS 0x00000000a5f00000| PB 0x00000000a5f00000| Untracked 
|  66|0x00000000a6000000, 0x00000000a6000000, 0x00000000a6100000|  0%| F|  |TAMS 0x00000000a6000000| PB 0x00000000a6000000| Untracked 
|  67|0x00000000a6100000, 0x00000000a6100000, 0x00000000a6200000|  0%| F|  |TAMS 0x00000000a6100000| PB 0x00000000a6100000| Untracked 
|  68|0x00000000a6200000, 0x00000000a6200000, 0x00000000a6300000|  0%| F|  |TAMS 0x00000000a6200000| PB 0x00000000a6200000| Untracked 
|  69|0x00000000a6300000, 0x00000000a6300000, 0x00000000a6400000|  0%| F|  |TAMS 0x00000000a6300000| PB 0x00000000a6300000| Untracked 
|  70|0x00000000a6400000, 0x00000000a6400000, 0x00000000a6500000|  0%| F|  |TAMS 0x00000000a6400000| PB 0x00000000a6400000| Untracked 
|  71|0x00000000a6500000, 0x00000000a6500000, 0x00000000a6600000|  0%| F|  |TAMS 0x00000000a6500000| PB 0x00000000a6500000| Untracked 
|  72|0x00000000a6600000, 0x00000000a6600000, 0x00000000a6700000|  0%| F|  |TAMS 0x00000000a6600000| PB 0x00000000a6600000| Untracked 
|  73|0x00000000a6700000, 0x00000000a6700000, 0x00000000a6800000|  0%| F|  |TAMS 0x00000000a6700000| PB 0x00000000a6700000| Untracked 
|  74|0x00000000a6800000, 0x00000000a6800000, 0x00000000a6900000|  0%| F|  |TAMS 0x00000000a6800000| PB 0x00000000a6800000| Untracked 
|  75|0x00000000a6900000, 0x00000000a6900000, 0x00000000a6a00000|  0%| F|  |TAMS 0x00000000a6900000| PB 0x00000000a6900000| Untracked 
|  76|0x00000000a6a00000, 0x00000000a6a00000, 0x00000000a6b00000|  0%| F|  |TAMS 0x00000000a6a00000| PB 0x00000000a6a00000| Untracked 
|  77|0x00000000a6b00000, 0x00000000a6b00000, 0x00000000a6c00000|  0%| F|  |TAMS 0x00000000a6b00000| PB 0x00000000a6b00000| Untracked 
|  78|0x00000000a6c00000, 0x00000000a6c00000, 0x00000000a6d00000|  0%| F|  |TAMS 0x00000000a6c00000| PB 0x00000000a6c00000| Untracked 
|  79|0x00000000a6d00000, 0x00000000a6d00000, 0x00000000a6e00000|  0%| F|  |TAMS 0x00000000a6d00000| PB 0x00000000a6d00000| Untracked 
|  80|0x00000000a6e00000, 0x00000000a6e00000, 0x00000000a6f00000|  0%| F|  |TAMS 0x00000000a6e00000| PB 0x00000000a6e00000| Untracked 
|  81|0x00000000a6f00000, 0x00000000a6f00000, 0x00000000a7000000|  0%| F|  |TAMS 0x00000000a6f00000| PB 0x00000000a6f00000| Untracked 
|  82|0x00000000a7000000, 0x00000000a7000000, 0x00000000a7100000|  0%| F|  |TAMS 0x00000000a7000000| PB 0x00000000a7000000| Untracked 
|  83|0x00000000a7100000, 0x00000000a7100000, 0x00000000a7200000|  0%| F|  |TAMS 0x00000000a7100000| PB 0x00000000a7100000| Untracked 
|  84|0x00000000a7200000, 0x00000000a7200000, 0x00000000a7300000|  0%| F|  |TAMS 0x00000000a7200000| PB 0x00000000a7200000| Untracked 
|  85|0x00000000a7300000, 0x00000000a7300000, 0x00000000a7400000|  0%| F|  |TAMS 0x00000000a7300000| PB 0x00000000a7300000| Untracked 
|  86|0x00000000a7400000, 0x00000000a7400000, 0x00000000a7500000|  0%| F|  |TAMS 0x00000000a7400000| PB 0x00000000a7400000| Untracked 
|  87|0x00000000a7500000, 0x00000000a7500000, 0x00000000a7600000|  0%| F|  |TAMS 0x00000000a7500000| PB 0x00000000a7500000| Untracked 
|  88|0x00000000a7600000, 0x00000000a7600000, 0x00000000a7700000|  0%| F|  |TAMS 0x00000000a7600000| PB 0x00000000a7600000| Untracked 
|  89|0x00000000a7700000, 0x00000000a7700000, 0x00000000a7800000|  0%| F|  |TAMS 0x00000000a7700000| PB 0x00000000a7700000| Untracked 
|  90|0x00000000a7800000, 0x00000000a7800000, 0x00000000a7900000|  0%| F|  |TAMS 0x00000000a7800000| PB 0x00000000a7800000| Untracked 
|  91|0x00000000a7900000, 0x00000000a7900000, 0x00000000a7a00000|  0%| F|  |TAMS 0x00000000a7900000| PB 0x00000000a7900000| Untracked 
|  92|0x00000000a7a00000, 0x00000000a7a00000, 0x00000000a7b00000|  0%| F|  |TAMS 0x00000000a7a00000| PB 0x00000000a7a00000| Untracked 
|  93|0x00000000a7b00000, 0x00000000a7b00000, 0x00000000a7c00000|  0%| F|  |TAMS 0x00000000a7b00000| PB 0x00000000a7b00000| Untracked 
|  94|0x00000000a7c00000, 0x00000000a7c00000, 0x00000000a7d00000|  0%| F|  |TAMS 0x00000000a7c00000| PB 0x00000000a7c00000| Untracked 
|  95|0x00000000a7d00000, 0x00000000a7e00000, 0x00000000a7e00000|100%| E|  |TAMS 0x00000000a7d00000| PB 0x00000000a7d00000| Complete 

Card table byte_map: [0x0000026c74d60000,0x0000026c75060000] _byte_map_base: 0x0000026c74851000

Marking Bits: (CMBitMap*) 0x0000026c5d321010
 Bits: [0x0000026c75060000, 0x0000026c767e8000)

Polling page: 0x0000026c5b210000

Metaspace:

Usage:
  Non-class:      3.19 MB used.
      Class:    250.37 KB used.
       Both:      3.43 MB used.

Virtual space:
  Non-class space:       64.00 MB reserved,       3.19 MB (  5%) committed,  1 nodes.
      Class space:        1.00 GB reserved,     256.00 KB ( <1%) committed,  1 nodes.
             Both:        1.06 GB reserved,       3.44 MB ( <1%) committed. 

Chunk freelists:
   Non-Class:  12.00 MB
       Class:  15.75 MB
        Both:  27.75 MB

MaxMetaspaceSize: unlimited
CompressedClassSpaceSize: 1.00 GB
Initial GC threshold: 21.00 MB
Current GC threshold: 21.00 MB
CDS: off
 - commit_granule_bytes: 65536.
 - commit_granule_words: 8192.
 - virtual_space_node_default_size: 8388608.
 - enlarge_chunks_in_place: 1.
 - use_allocation_guard: 0.


Internal statistics:

num_allocs_failed_limit: 0.
num_arena_births: 2.
num_arena_deaths: 0.
num_vsnodes_births: 2.
num_vsnodes_deaths: 0.
num_space_committed: 55.
num_space_uncommitted: 0.
num_chunks_returned_to_freelist: 0.
num_chunks_taken_from_freelist: 3.
num_chunk_merges: 0.
num_chunk_splits: 2.
num_chunks_enlarged: 0.
num_inconsistent_stats: 0.

CodeHeap 'non-profiled nmethods': size=120000Kb used=0Kb max_used=0Kb free=120000Kb
 bounds [0x0000026c6d200000, 0x0000026c6d470000, 0x0000026c74730000]
CodeHeap 'profiled nmethods': size=120000Kb used=7Kb max_used=7Kb free=119992Kb
 bounds [0x0000026c65730000, 0x0000026c659a0000, 0x0000026c6cc60000]
CodeHeap 'non-nmethods': size=5760Kb used=1145Kb max_used=1152Kb free=4615Kb
 bounds [0x0000026c6cc60000, 0x0000026c6ced0000, 0x0000026c6d200000]
 total_blobs=291 nmethods=6 adapters=191
 compilation: enabled
              stopped_count=0, restarted_count=0
 full_count=0

Compilation events (12 events):
Event: 0.197 Thread 0x0000026c041946e0    1       3       java.lang.Object::<init> (1 bytes)
Event: 0.197 Thread 0x0000026c041946e0 nmethod 1 0x0000026c65730010 code [0x0000026c657301a0, 0x0000026c657302b0]
Event: 0.210 Thread 0x0000026c041946e0    4       3       java.lang.String::isLatin1 (19 bytes)
Event: 0.210 Thread 0x0000026c041946e0 nmethod 4 0x0000026c65730390 code [0x0000026c65730540, 0x0000026c657306c0]
Event: 0.210 Thread 0x0000026c041946e0    2       3       java.lang.String::charAt (25 bytes)
Event: 0.210 Thread 0x0000026c041946e0 nmethod 2 0x0000026c65730790 code [0x0000026c65730980, 0x0000026c65730ed8]
Event: 0.210 Thread 0x0000026c041946e0    3       3       java.lang.StringLatin1::charAt (15 bytes)
Event: 0.211 Thread 0x0000026c041946e0 nmethod 3 0x0000026c65731110 code [0x0000026c657312c0, 0x0000026c65731490]
Event: 0.219 Thread 0x0000026c041946e0    5       3       java.lang.String::coder (15 bytes)
Event: 0.220 Thread 0x0000026c041946e0 nmethod 5 0x0000026c65731590 code [0x0000026c65731720, 0x0000026c65731858]
Event: 0.220 Thread 0x0000026c041946e0    6       3       java.lang.String::length (11 bytes)
Event: 0.220 Thread 0x0000026c041946e0 nmethod 6 0x0000026c65731910 code [0x0000026c65731ac0, 0x0000026c65731c60]

GC Heap History (0 events):
No events

Dll operation events (2 events):
Event: 0.027 Loaded shared library C:\Program Files\Java\jdk-21\bin\java.dll
Event: 0.196 Loaded shared library C:\Program Files\Java\jdk-21\bin\jsvml.dll

Deoptimization events (0 events):
No events

Classes loaded (20 events):
Event: 0.215 Loading class java/nio/file/OpenOption
Event: 0.215 Loading class java/nio/file/OpenOption done
Event: 0.215 Loading class java/nio/file/StandardOpenOption done
Event: 0.215 Loading class sun/nio/fs/WindowsFileSystem
Event: 0.216 Loading class java/nio/file/FileSystem
Event: 0.216 Loading class java/nio/file/FileSystem done
Event: 0.216 Loading class sun/nio/fs/WindowsFileSystem done
Event: 0.216 Loading class sun/nio/fs/WindowsPathParser
Event: 0.217 Loading class sun/nio/fs/WindowsPathParser done
Event: 0.217 Loading class sun/nio/fs/WindowsPathType
Event: 0.217 Loading class sun/nio/fs/WindowsPathType done
Event: 0.217 Loading class sun/nio/fs/WindowsPathParser$Result
Event: 0.218 Loading class sun/nio/fs/WindowsPathParser$Result done
Event: 0.218 Loading class sun/nio/fs/WindowsPath
Event: 0.219 Loading class sun/nio/fs/WindowsPath done
Event: 0.219 Loading class jdk/internal/module/ModulePath
Event: 0.220 Loading class java/lang/module/ModuleFinder
Event: 0.221 Loading class java/lang/module/ModuleFinder done
Event: 0.221 Loading class jdk/internal/module/ModulePath done
Event: 0.221 Loading class java/util/jar/Attributes$Name

Classes unloaded (0 events):
No events

Classes redefined (0 events):
No events

Internal exceptions (0 events):
No events

ZGC Phase Switch (0 events):
No events

VM Operations (0 events):
No events

Events (9 events):
Event: 0.039 Thread 0x0000026c5af6c110 Thread added: 0x0000026c5af6c110
Event: 0.188 Thread 0x0000026c04158540 Thread added: 0x0000026c04158540
Event: 0.189 Thread 0x0000026c7926d990 Thread added: 0x0000026c7926d990
Event: 0.193 Thread 0x0000026c0414c140 Thread added: 0x0000026c0414c140
Event: 0.193 Thread 0x0000026c04188f90 Thread added: 0x0000026c04188f90
Event: 0.193 Thread 0x0000026c0414ebb0 Thread added: 0x0000026c0414ebb0
Event: 0.193 Thread 0x0000026c04146440 Thread added: 0x0000026c04146440
Event: 0.193 Thread 0x0000026c0414f740 Thread added: 0x0000026c0414f740
Event: 0.193 Thread 0x0000026c041946e0 Thread added: 0x0000026c041946e0


Dynamic libraries:
0x00007ff6fbe90000 - 0x00007ff6fbea0000 	C:\Program Files\Java\jdk-21\bin\java.exe
0x00007ff97c5b0000 - 0x00007ff97c7c7000 	C:\WINDOWS\SYSTEM32\ntdll.dll
0x00007ff97a470000 - 0x00007ff97a534000 	C:\WINDOWS\System32\KERNEL32.DLL
0x00007ff979de0000 - 0x00007ff97a197000 	C:\WINDOWS\System32\KERNELBASE.dll
0x00007ff979bf0000 - 0x00007ff979d01000 	C:\WINDOWS\System32\ucrtbase.dll
0x00007ff9308c0000 - 0x00007ff9308d9000 	C:\Program Files\Java\jdk-21\bin\jli.dll
0x00007ff945540000 - 0x00007ff94555b000 	C:\Program Files\Java\jdk-21\bin\VCRUNTIME140.dll
0x00007ff97af30000 - 0x00007ff97afe2000 	C:\WINDOWS\System32\ADVAPI32.dll
0x00007ff97b100000 - 0x00007ff97b1a7000 	C:\WINDOWS\System32\msvcrt.dll
0x00007ff97aff0000 - 0x00007ff97b098000 	C:\WINDOWS\System32\sechost.dll
0x00007ff979d80000 - 0x00007ff979da8000 	C:\WINDOWS\System32\bcrypt.dll
0x00007ff97a5a0000 - 0x00007ff97a6b4000 	C:\WINDOWS\System32\RPCRT4.dll
0x00007ff97ab40000 - 0x00007ff97acef000 	C:\WINDOWS\System32\USER32.dll
0x00007ff979db0000 - 0x00007ff979dd6000 	C:\WINDOWS\System32\win32u.dll
0x00007ff97c300000 - 0x00007ff97c329000 	C:\WINDOWS\System32\GDI32.dll
0x00007ff95aa90000 - 0x00007ff95ad23000 	C:\WINDOWS\WinSxS\amd64_microsoft.windows.common-controls_6595b64144ccf1df_6.0.22621.3672_none_2713b9d173822955\COMCTL32.dll
0x00007ff9798c0000 - 0x00007ff9799d8000 	C:\WINDOWS\System32\gdi32full.dll
0x00007ff9799e0000 - 0x00007ff979a7a000 	C:\WINDOWS\System32\msvcp_win.dll
0x00007ff974040000 - 0x00007ff97404a000 	C:\WINDOWS\SYSTEM32\VERSION.dll
0x00007ff97b710000 - 0x00007ff97b741000 	C:\WINDOWS\System32\IMM32.DLL
0x00007ff9466d0000 - 0x00007ff9466dc000 	C:\Program Files\Java\jdk-21\bin\vcruntime140_1.dll
0x00007ff91d960000 - 0x00007ff91d9ee000 	C:\Program Files\Java\jdk-21\bin\msvcp140.dll
0x00007ff8e2b90000 - 0x00007ff8e38a5000 	C:\Program Files\Java\jdk-21\bin\server\jvm.dll
0x00007ff97ad00000 - 0x00007ff97ad71000 	C:\WINDOWS\System32\WS2_32.dll
0x00007ff979790000 - 0x00007ff9797dd000 	C:\WINDOWS\SYSTEM32\POWRPROF.dll
0x00007ff975420000 - 0x00007ff975454000 	C:\WINDOWS\SYSTEM32\WINMM.dll
0x00007ff979770000 - 0x00007ff979783000 	C:\WINDOWS\SYSTEM32\UMPDC.dll
0x00007ff978910000 - 0x00007ff978928000 	C:\WINDOWS\SYSTEM32\kernel.appcore.dll
0x00007ff9431f0000 - 0x00007ff9431fa000 	C:\Program Files\Java\jdk-21\bin\jimage.dll
0x00007ff977320000 - 0x00007ff977552000 	C:\WINDOWS\SYSTEM32\DBGHELP.DLL
0x00007ff97b280000 - 0x00007ff97b60e000 	C:\WINDOWS\System32\combase.dll
0x00007ff97c210000 - 0x00007ff97c2e7000 	C:\WINDOWS\System32\OLEAUT32.dll
0x00007ff9720c0000 - 0x00007ff9720f2000 	C:\WINDOWS\SYSTEM32\dbgcore.DLL
0x00007ff97a1a0000 - 0x00007ff97a21b000 	C:\WINDOWS\System32\bcryptPrimitives.dll
0x00007ff91d3b0000 - 0x00007ff91d3cf000 	C:\Program Files\Java\jdk-21\bin\java.dll
0x00007ff97b7e0000 - 0x00007ff97c049000 	C:\WINDOWS\System32\SHELL32.dll
0x00007ff977830000 - 0x00007ff97812f000 	C:\WINDOWS\SYSTEM32\windows.storage.dll
0x00007ff9776f0000 - 0x00007ff97782f000 	C:\WINDOWS\SYSTEM32\wintypes.dll
0x00007ff97a370000 - 0x00007ff97a469000 	C:\WINDOWS\System32\SHCORE.dll
0x00007ff97c3b0000 - 0x00007ff97c40e000 	C:\WINDOWS\System32\shlwapi.dll
0x00007ff9797f0000 - 0x00007ff979817000 	C:\WINDOWS\SYSTEM32\profapi.dll
0x00007ff91d2d0000 - 0x00007ff91d3a7000 	C:\Program Files\Java\jdk-21\bin\jsvml.dll

dbghelp: loaded successfully - version: 4.0.5 - missing functions: none
symbol engine: initialized successfully - sym options: 0x614 - pdb path: .;C:\Program Files\Java\jdk-21\bin;C:\WINDOWS\SYSTEM32;C:\WINDOWS\WinSxS\amd64_microsoft.windows.common-controls_6595b64144ccf1df_6.0.22621.3672_none_2713b9d173822955;C:\Program Files\Java\jdk-21\bin\server

VM Arguments:
jvm_args: -Dfile.encoding=UTF-8 --module-path=C:\Users\Mayur chavan\Downloads\AirlineManagementSystem\AirlineManagementSystem-master\Airwings\build\classes 
java_command: Airwings.Login
java_class_path (initial): C:\Users\Mayur chavan\Downloads\jcalendar-tz-1.3.3-4-1.jar;C:\Users\Mayur chavan\Downloads\rs2xml (1).jar;C:\Users\Mayur chavan\Downloads\mysql-connector-j-8.0.33;C:\Users\Mayur chavan\Downloads\AirlineManagementSystem\AirlineManagementSystem-master\Airwings\build\classes
Launcher Type: SUN_STANDARD

[Global flags]
     intx CICompilerCount                          = 4                                         {product} {ergonomic}
     uint ConcGCThreads                            = 2                                         {product} {ergonomic}
     uint G1ConcRefinementThreads                  = 8                                         {product} {ergonomic}
   size_t G1HeapRegionSize                         = 1048576                                   {product} {ergonomic}
    uintx GCDrainStackTargetSize                   = 64                                        {product} {ergonomic}
   size_t InitialHeapSize                          = 100663296                                 {product} {ergonomic}
   size_t MarkStackSize                            = 4194304                                   {product} {ergonomic}
   size_t MaxHeapSize                              = 1579155456                                {product} {ergonomic}
   size_t MaxNewSize                               = 946864128                                 {product} {ergonomic}
   size_t MinHeapDeltaBytes                        = 1048576                                   {product} {ergonomic}
   size_t MinHeapSize                              = 8388608                                   {product} {ergonomic}
    uintx NonNMethodCodeHeapSize                   = 5839372                                {pd product} {ergonomic}
    uintx NonProfiledCodeHeapSize                  = 122909434                              {pd product} {ergonomic}
    uintx ProfiledCodeHeapSize                     = 122909434                              {pd product} {ergonomic}
    uintx ReservedCodeCacheSize                    = 251658240                              {pd product} {ergonomic}
     bool SegmentedCodeCache                       = true                                      {product} {ergonomic}
   size_t SoftMaxHeapSize                          = 1579155456                             {manageable} {ergonomic}
     bool UseCompressedOops                        = true                           {product lp64_product} {ergonomic}
     bool UseG1GC                                  = true                                      {product} {ergonomic}
     bool UseLargePagesIndividualAllocation        = false                                  {pd product} {ergonomic}

Logging:
Log output configuration:
 #0: stdout all=warning uptime,level,tags foldmultilines=false
 #1: stderr all=off uptime,level,tags foldmultilines=false

Environment Variables:
CLASSPATH=C:\Users\Mayur chavan\Downloads\mysql-connector-j-8.0.33\mysql-connector-j-8.0.33;.;
PATH=C:\Program Files\Common Files\Oracle\Java\javapath;C:\Program Files\Python311\Scripts\;C:\Program Files\Python311\;C:\windows\system32;C:\windows;C:\windows\System32\Wbem;C:\windows\System32\WindowsPowerShell\v1.0\;C:\windows\System32\OpenSSH\;C:\Program Files (x86)\NVIDIA Corporation\PhysX\Common;C:\Program Files\NVIDIA Corporation\NVIDIA NvDLISR;C:\WINDOWS\system32;C:\WINDOWS;C:\WINDOWS\System32\Wbem;C:\WINDOWS\System32\WindowsPowerShell\v1.0\;C:\WINDOWS\System32\OpenSSH\;C:\Program Files\dotnet\;C:\Program Files\Java\jdk-21\bin;C:\Program Files\Git\cmd;C:\Program Files\MySQL\MySQL Server 8.0\bin;C:\Program Files (x86)\Microsoft SQL Server\160\Tools\Binn\;C:\Program Files\Microsoft SQL Server\160\Tools\Binn\;C:\Program Files\Microsoft SQL Server\Client SDK\ODBC\170\Tools\Binn\;C:\Program Files\Microsoft SQL Server\160\DTS\Binn\;C:\Program Files (x86)\Microsoft SQL Server\160\DTS\Binn\;C:\Program Files\nodejs\;C:\Program Files\MySQL\MySQL Server 8.0\bin;C:\Program Files\php-8.3.9;C:\Program Files\MySQL\MySQL Shell 8.0\bin\;C:\Users\Mayur chavan\AppData\Local\Microsoft\WindowsApps;C:\Users\Mayur chavan\AppData\Local\Programs\Microsoft VS Code\bin;C:\Program Files\JetBrains\IntelliJ IDEA Community Edition 2023.2.4\bin;;C:\Users\Mayur chavan\AppData\Roaming\npm;C:\Program Files\Java\jdk-21\bin;
USERNAME=Mayur chavan
OS=Windows_NT
PROCESSOR_IDENTIFIER=AMD64 Family 23 Model 24 Stepping 1, AuthenticAMD
TMP=C:\Users\MAYURC~1\AppData\Local\Temp
TEMP=C:\Users\MAYURC~1\AppData\Local\Temp




Periodic native trim disabled

---------------  S Y S T E M  ---------------

OS:
 Windows 11 , 64 bit Build 22621 (10.0.22621.3958)
OS uptime: 0 days 0:33 hours

CPU: total 8 (initial active 8) (8 cores per cpu, 2 threads per core) family 23 model 24 stepping 1 microcode 0x0, cx8, cmov, fxsr, ht, mmx, 3dnowpref, sse, sse2, sse3, ssse3, sse4a, sse4.1, sse4.2, popcnt, lzcnt, tsc, tscinvbit, avx, avx2, aes, clmul, bmi1, bmi2, adx, sha, fma, vzeroupper, clflush, clflushopt, rdtscp, f16c
Processor Information for all 8 processors :
  Max Mhz: 2100, Current Mhz: 2100, Mhz Limit: 2100

Memory: 4k page, system-wide physical 6021M (311M free)
TotalPageFile size 24453M (AvailPageFile size 2M)
current process WorkingSet (physical memory assigned to process): 24M, peak: 24M
current process commit charge ("private bytes"): 166M, peak: 166M

vm_info: Java HotSpot(TM) 64-Bit Server VM (21.0.1+12-LTS-29) for windows-amd64 JRE (21.0.1+12-LTS-29), built on 2023-10-05T13:27:09Z by "mach5one" with MS VC++ 17.1 (VS2022)

END.
